#
#model:
#
#<?xml version="1.0" encoding="UTF-8" standalone="no"?><input id="posterior" spec="beast.base.inference.CompoundDistribution">
#    <distribution id="prior" spec="beast.base.inference.CompoundDistribution">
#        <distribution contemp="true" id="birthDeathSamplingModel" spec="bdsky.evolution.speciation.BirthDeathSkylineModel">
#            <parameter id="RealParameter" lower="0.0" name="origin" spec="beast.base.inference.parameter.RealParameter" upper="0.0">54.0001</parameter>
#            <parameter id="birthRate" lower="0.0" name="birthRate" spec="beast.base.inference.parameter.RealParameter" upper="5.0">0.006</parameter>
#            <parameter id="deathRate" lower="0.0" name="deathRate" spec="beast.base.inference.parameter.RealParameter" upper="5.0">1.0E-4</parameter>
#            <parameter id="RealParameter1" lower="0.0" name="samplingRate" spec="beast.base.inference.parameter.RealParameter" upper="0.0">0.0</parameter>
#            <parameter id="RealParameter2" lower="0.0" name="rho" spec="beast.base.inference.parameter.RealParameter" upper="0.0">1.0</parameter>
#            <tree IsLabelledNewick="true" id="tree" newick="(((((((M2.GTATCTTGTATCGCAT-1:16.418622193645312,(M2.CTCTAATTCTGAGTGT-1:9.266620646568278,(RE.GGTGCGTTCAGGCAAG-1:9.12815918449972,M2.ACACCCTGTACATCCA-1:9.12815918449972):0.13846146206855828):7.1520015470770355):0.1383909131277543,((M2.CACCACTGTGCCTGGT-1:7.898687906733698,(M2.CTCACACAGACAGGCT-1:0.1383976648261752,M2.CGTGAGCAGCCCGAAA-1:0.1383976648261752):7.760290241907523):8.519698590377043,(M2.TAGTGGTTCGTTACAG-1:16.279982986395773,(M2.CAAGAAAAGCTCCTTC-1:16.14140734711757,(M2.CGTTAGAGTAAGTGTA-1:16.003012571088153,(M2.TCTTTCCCATAGAAAC-1:0.1383935627304548,M2.ATGCGATAGATGCCTT-1:0.1383935627304548):15.864619008357696):0.13839477602941908):0.13857563927820205):0.13840351071496834):0.13862297311967497):16.674849729451896,((M1.ACTGTCCGTAAGGGCT-1:24.169632429006462,(M1.CTGTGCTTCTGCGGCA-1:24.031242351635505,(M1.GATTCAGAGCTAGTTC-1:23.89281458555108,(M1.CACCAGGGTTGTGGAG-1:0.13839719573914805,M1.AAAGATGAGTATCTCG-1:0.13839719573914805):23.754417389811927):0.13842776608442647):0.13839007737095954):8.923846996677256,(M1.GCGGGTTAGTTGCAGG-1:32.95508875061616,M2.TCGCGTTGTTGGGACA-1:32.95508875061616):0.138390675067559):0.1383859822400339):9.838813814484825,((((RW.AAGTCTGGTAGAGCTG-1:4.125545190433128,(RW.GGGCATCTCGGCTTGG-1:0.13841207579960718,RW.CTAGTGAAGTCCTCCT-1:0.13841207579960718):3.987133114633521):21.168720529954555,(M2.CGCTTCAGTCATCCCT-1:25.155873329344647,RW.ACCTTTATCAGCTCGG-1:25.155873329344647):0.1383923910430358):3.5537566040680204,((RW.CTAGAGTTCCATTCTA-1:8.818221339643397,RW.GACTAACAGCGTGAGT-1:8.818221339643397):19.891407634312117,((M1.GCAAACTCATACGCCG-1:13.274152653880257,M1.GCGCGATTCACCGTAA-1:13.274152653880257):4.758500369674186,M2.GCAATCAAGCTGAAAT-1:18.03265302355444):10.676977376595003):0.13839246051801654):14.084271567882489,(((M2.TTTGCGCTCCTAAGTG-1:10.86481331223275,M2.ATAGACCTCGTACCGG-1:10.86481331223275):6.866804307355672,((M1.TGGGCGTTCGCCTGTT-1:17.45484309769034,M2.CACACTCTCCTTAATC-1:17.45484309769034):0.1383840298336827,(M2.GGCAATTAGTGCCAGA-1:9.199578614782403,(M2.CCACGGAGTCTAGTGT-1:9.061176745594123,(M2.CTAATGGAGCGTAGTG-1:8.922775428142776,M2.GGAATAATCGTCGTTC-1:8.922775428142776):0.13840131745134837):0.13840186918827926):8.39364851274162):0.13839019628211133):25.062290048729405,(((RE.TGTTCCGTCACGCGGT-1:7.675572177051709,(RE.TGCCCTATCAGCTTAG-1:7.537114217415216,((RE.AGCTCTCCAATTGCTG-1:7.259990285216367,(RE.TCACAAGGTTGGGACA-1:0.1383813016919728,RE.GTTTCTACATCGGAAG-1:0.1383813016919728,RE.GTGAAGGAGAGTACAT-1:0.1383813016919728,RE.GGCTGGTGTTGTACAC-1:0.1383813016919728,RE.AAGCCGCGTCAACATC-1:0.1383813016919728,RE.CAAGATCTCCTTGGTC-1:0.1383813016919728):7.1216089835243945):0.1386392506067504,(RE.GACGCGTCACTTCGAA-1:0.13838941819750028,RE.AAGGCAGAGAAGCCCA-1:0.13838941819750028):7.260240117625617):0.13848468159209848):0.1384579596364929):16.295332987105837,(M1.AGCGGTCGTGAGTATA-1:23.83250008983336,M2.ACGCCAGAGCCATCGC-1:23.83250008983336):0.13840507432418633):18.68461836432958,((((RW.CTAGCCTGTCTAAAGA-1:21.270077395836935,M2.GATCTAGGTTATTCTC-1:21.270077395836935):17.175256775041486,M1.GTATTCTAGACCTAGG-1:38.44533417087842):2.212682785395384,(LL.GGGAATGAGGATGCGT-1:32.64758041283813,M1.AACGTTGAGCGACGTA-1:32.64758041283813):8.010439043456199):1.85912194839631,((RW.ACACCCTTCCCTCAGT-1:3.42379904544332,(RW.TCAGCTCAGTAATCCC-1:0.13839427594263126,RW.GACCTGGTCCATTCTA-1:0.13839427594263126):3.285404769500689):27.90111750618874,((RE.AGGCCACTCAACGGCC-1:20.882524313976514,(M1.TAAGTGCCAAAGCAAT-1:20.7440864305098,(RW.TCTATTGGTTGCGCAC-1:0.1383905009888425,RW.AGCGGTCGTGGACGAT-1:0.1383905009888425):20.605695929520955):0.1384378834667128):10.303991321002824,((M1.GATGCTAGTTTAGCTG-1:3.0228286735076106,M1.CAGAATCGTTCGTGAT-1:3.0228286735076106):28.0252913656563,(RW.GTATCTTAGTCCAGGA-1:30.909726087033466,(M1.CCACGGATCTTTAGGG-1:30.77133631201492,(RW.TACCTTAGTCGTTGTA-1:30.632945324532475,(M1.CATCAAGCACAACGCC-1:30.494552775041328,M1.GGAGCAATCGGACAAG-1:30.494552775041328):0.138392549491149):0.13839098748244522):0.13838977501854532):0.13839395213044534):0.13839361121857713):0.1383986583127336):11.192221044475515):0.13838600795506922):0.1383857305222961):0.13838699417549963):0.1383851304460018):6.675553821027954,((((((((RW.ATCGAGTAGCCAGTTT-1:20.905976362645717,(M1.ATCCACCCAGATGGGT-1:20.767568784561828,M1.TCTCATATCCGCATCT-1:20.767568784561828):0.1384075780838873):3.8147058573008192,(M2.CATTCGCAGAACAACT-1:14.18332165531991,M1.TCGGGACAGCTAAGAT-1:14.18332165531991):10.537360564626626):11.14974456968019,M1.CATCCACTCAGGTAAA-1:35.87042678962673):3.260146820608464,M1.CATCAAGAGAGATGAG-1:39.130573979799756):3.8527970710086143,M1.CAGTCCTGTGAGGGAG-1:42.98336925330972):1.189168134290408,((M2.ACGATGTAGAACAACT-1:23.899748017052403,M2.CTACACCCAATGGACG-1:23.899748017052403):7.944933917338802,M2.CGAACATGTTTGGGCC-1:31.8446819343912):12.327859314344781):1.0060185723975563,((((RW.TCAGATGCAGTCGATT-1:9.35988164547097,M1.AGTTGGTCATGAGCGA-1:9.35988164547097):29.77847378900119,RW.TGGCTGGTCTGAGTGT-1:39.13835543447215):5.627151675192388,(Liv.TCTCTAATCTTCAACT-1:0.1383937892594341,Liv.TCGGTAACACTCGACG-1:0.1383937892594341):44.62711146461967):0.2746342966579322,(RW.CGAGAAGAGATCCTGT-1:44.90174853187231,M1.CAACCTCGTGTGAAAT-1:44.90174853187231):0.1383900643905729):0.138410170844204):4.429280436232185,(M1.CTCACACCAGGCGATA-1:41.391685756409736,M1.AAGGCAGGTATAGTAG-1:41.391685756409736):8.216150790266532):0.1383890900787484):2.859032788584905,((((((((M2.CCTAAAGTCCCTCAGT-1:6.624018561364624,M2.CGATGTAAGCTCCCAG-1:6.624018561364624):2.930634101497173,RE.AGCGTCGCACTCGACG-1:9.554652662861796):3.2892116898948194,M2.AAGGCAGAGTGAAGTT-1:12.843864352756615):2.4764218370485906,(((Liv.GTATCTTCACCAGGCT-1:2.5858579882091233,(RE.GCGCGATAGTGAAGTT-1:0.1383839178788637,RE.CCACGGAAGAGCTTCT-1:0.1383839178788637):2.44747407033026):4.125958805070446,(M2.CCGTGGATCCAATGGT-1:6.573392748009935,RE.AAGGTTCTCGAATGGG-1:6.573392748009935):0.1384240452696346):7.903951008178395,(RE.CCTCAGTAGTGGGATC-1:14.477359746542904,(RE.CGTTCTGGTAATCACC-1:14.338959830952039,RE.CATATGGCAGCTCGCA-1:14.338959830952039):0.13839991559086612):0.1384057882783091):0.7045139877540793):6.450006847554658,(((M1.CGTAGGCTCGAATGCT-1:15.453805787874407,(M2.CGGACACTCTGGTATG-1:15.315413302002247,(RE.AGGCCACGTTCGCGAC-1:0.13838666916641668,RE.AAGACCTAGCCCAACC-1:0.13838666916641668):15.177026632835831):0.1383924858721599):2.62014859208299,((RW.TCAACGATCATCACCC-1:12.270143353647907,Liv.GTAGGCCCAGCTTAAC-1:12.270143353647907):4.939388200527035,(LL.CAGCGACCAGCCAATT-1:14.756977104998407,M2.GTTACAGAGCTCCCAG-1:14.756977104998407):2.452554449176534):0.864418420834431):3.5579534340744803,((RW.AGCAGCCGTTATGTGC-1:14.088258013065579,(RW.CGTCACTGTGTCCTCT-1:13.949868459581259,(LL.GGACAGAAGACGCTTT-1:13.811480632630516,((LL.CCTTACGTCGAGAGCA-1:13.534658805786155,M1.CTGATAGAGGTGTGGT-1:13.534658805786155):0.13843738329738794,(LL.TTATGCTGTTAAAGAC-1:13.534712971416152,M1.GTTAAGCAGGACATTA-1:13.534712971416152):0.13838321766738967):0.13838444354697446):0.138387826950743):0.1383895534843194):7.405265383228128,(((RE.GTCAAGTTCCATGCTC-1:17.108876689325452,Liv.ATCTACTAGCTGCGAA-1:17.108876689325452):2.037027572762168,(RE.CGTTAGAGTAATTGGA-1:17.15715696676417,RE.ATTATCCGTTAGTGGG-1:17.15715696676417):1.9887472953234493):2.2092351012250946,((M2.GCGGGTTGTAGAAAGG-1:17.097874086377285,M2.TGCCCATCATAGACTC-1:17.097874086377285):4.118871087647115,(M1.TCAGATGCAGCATACT-1:21.07835663263054,(RW.TTTATGCCACTAGTAC-1:20.93996480436735,RE.TCAGCTCAGCTGTTCA-1:20.93996480436735):0.13839182826319446):0.1383885413938578):0.13839291157725386):0.13838571356636903):0.13838593688324968):0.13838645924633833):20.285427320030653,((RE.GCTTGAATCTGCTGTC-1:12.091060242970078,(M1.ATGCGATCATGGTCTA-1:0.13839319047059653,M1.AGTCTTTGTAATCGTC-1:0.13839319047059653):11.952667052499482):29.826267654379038,LL.ATCACGAAGCCAGAAC-1:41.91732789734912):0.13839260433196438):5.063721829088968,(((((Liv.GATTCAGAGCTAGGCA-1:4.025433477767971,(Liv.CAGCTAACAAGGTTCT-1:3.8868437347419316,Liv.CTCGAGGAGACTCGGA-1:3.8868437347419316):0.13858974302603874):26.639764813172203,M1.CTCCTAGGTCAAACTC-1:30.66519829094017):2.24397847920464,RW.CTAACTTAGATGAGAG-1:32.90917677014481):10.066845986200999,((RW.CCTAGCTGTCGGCACT-1:41.5182324916095,(M1.ACCCACTGTAGAAAGG-1:31.815970746740295,M1.GTACTCCGTGTTGGGA-1:31.815970746740295):9.702261744869212):1.319403137250528,((M1.AAGGTTCTCCAGTAGT-1:14.437442282970386,M1.CATTCGCTCTTAACCT-1:14.437442282970386):9.993667271349779,(M1.GTTCTCGTCTGCAAGT-1:24.29269819504409,Liv.ATCGAGTTCACTCTTA-1:24.29269819504409):0.13841135927607467):18.406523729110358):0.13838661982506864):4.005033468180363,((((((M1.TGAGGGATCACGGTTA-1:6.933197624439176,M1.CTACGTCCACCTCGGA-1:6.933197624439176):23.053463650785748,RW.ACACCGGCAAAGCGGT-1:29.986661275224918):1.958208855943823,LL.TGCGCAGTCCACTCCA-1:31.944870131168745):0.13841767641737135,(RW.GGATGTTGTGCTGTAT-1:0.13839413861276295,RW.CAACCTCCAACACCCG-1:0.13839413861276295):31.944892491209444):2.593902323045247,M1.TACACGAAGTGGTAAT-1:34.67718821215127):3.358432382971742,(((M1.TTTATGCAGAGGTTAT-1:11.51058002839538,M1.CGTGTAAAGCCCAACC-1:11.51058002839538):24.298585850047928,M1.ACCTTTATCTTTACGT-1:35.80916587844331):1.1992461064970368,RE.CGCGGTATCACTTACT-1:37.008411984940345):1.0272133196506392):8.945434077900934):0.13838515811550306):5.347429582355756,RE.ACTGATGTCGTAGATC-1:52.46687285697799):0.13839088495176669):1.2563453722782818,((((M2.ACGATACCACGGCCAT-1:27.24895534460403,Liv.ACACCGGTCTACTCAT-1:27.24895534460403):25.050677065095876,M1.GAACATCCAGACAAGC-1:52.2996324096999):0.13841976108722476,(RW.ACTTTCAGTGTTCTTT-1:50.21248835384593,M1.TGACAACAGAGGTACC-1:50.21248835384593):2.225563908552133):1.285174319079632,((M2.CTTTGCGGTGCTGTAT-1:51.995632092507805,(LL.GTGCAGCAGAACTCGG-1:0.138394210749276,LL.AGCCTAATCTGCTGTC-1:0.138394210749276):51.85723788175853):1.5892121885414006,(M1.TCTCATAAGCTGATAA-1:53.446449191437566,M2.CACAAACAGTCATCCA-1:53.446449191437566):0.13839508961164024):0.13838256294094003):0.13838253462172373):0.13838275031934533" spec="beam.tree.BeamStartingTreeFromNewick">
#                <taxa fileName="/grid/siepel/home_norepl/staklins/bayesian_phylogenetic_metastasis/results/quinn_2021_lung_cancer_data_2_21_25/beam/5k/30/5k_30.fasta" id="alignment" spec="feast.fileio.AlignmentFromFasta">
#                    <sequence id="Sequence" spec="beast.base.evolution.alignment.Sequence" taxon="RW.TTTATGCCACTAGTAC-1" totalcount="166" value="1,1,0,2,0,3,3,4,5,6,6,7,0,3,3,165,165,165"/>
#                    <sequence id="Sequence1" spec="beast.base.evolution.alignment.Sequence" taxon="RW.TGGCTGGTCTGAGTGT-1" totalcount="166" value="4,8,0,165,9,0,10,4,0,11,11,7,4,12,13,4,14,13"/>
#                    <sequence id="Sequence2" spec="beast.base.evolution.alignment.Sequence" taxon="RW.TCTATTGGTTGCGCAC-1" totalcount="166" value="15,0,9,13,0,165,165,16,16,0,0,7,165,165,165,4,3,3"/>
#                    <sequence id="Sequence3" spec="beast.base.evolution.alignment.Sequence" taxon="RW.TCAGCTCAGTAATCCC-1" totalcount="166" value="15,17,0,0,18,165,165,16,16,165,165,165,165,165,165,4,3,3"/>
#                    <sequence id="Sequence4" spec="beast.base.evolution.alignment.Sequence" taxon="RW.TCAGATGCAGTCGATT-1" totalcount="166" value="19,20,20,165,21,165,165,165,165,11,11,7,4,0,13,165,165,165"/>
#                    <sequence id="Sequence5" spec="beast.base.evolution.alignment.Sequence" taxon="RW.TCAACGATCATCACCC-1" totalcount="166" value="1,1,22,9,9,3,3,4,5,4,0,7,0,3,3,165,165,165"/>
#                    <sequence id="Sequence6" spec="beast.base.evolution.alignment.Sequence" taxon="RW.TACCTTAGTCGTTGTA-1" totalcount="166" value="15,0,13,9,23,165,165,16,16,24,25,7,165,165,165,4,3,3"/>
#                    <sequence id="Sequence7" spec="beast.base.evolution.alignment.Sequence" taxon="RW.GTATCTTAGTCCAGGA-1" totalcount="166" value="15,26,0,165,0,165,165,16,16,27,0,7,165,165,165,4,3,3"/>
#                    <sequence id="Sequence8" spec="beast.base.evolution.alignment.Sequence" taxon="RW.GGGCATCTCGGCTTGG-1" totalcount="166" value="15,0,28,29,9,165,165,16,16,165,165,165,165,165,165,4,3,3"/>
#                    <sequence id="Sequence9" spec="beast.base.evolution.alignment.Sequence" taxon="RW.GGATGTTGTGCTGTAT-1" totalcount="166" value="0,0,30,13,31,3,3,165,165,4,25,7,11,11,32,33,34,13"/>
#                    <sequence id="Sequence10" spec="beast.base.evolution.alignment.Sequence" taxon="RW.GACTAACAGCGTGAGT-1" totalcount="166" value="15,35,35,29,0,165,165,16,16,0,0,7,165,165,165,4,3,3"/>
#                    <sequence id="Sequence11" spec="beast.base.evolution.alignment.Sequence" taxon="RW.GACCTGGTCCATTCTA-1" totalcount="166" value="15,17,0,0,18,165,165,16,16,165,165,165,165,165,165,4,3,3"/>
#                    <sequence id="Sequence12" spec="beast.base.evolution.alignment.Sequence" taxon="RW.CTAGTGAAGTCCTCCT-1" totalcount="166" value="15,0,28,29,9,165,165,16,16,165,165,165,165,165,165,4,3,3"/>
#                    <sequence id="Sequence13" spec="beast.base.evolution.alignment.Sequence" taxon="RW.CTAGCCTGTCTAAAGA-1" totalcount="166" value="15,36,13,37,9,0,10,16,16,165,165,165,4,38,0,4,3,3"/>
#                    <sequence id="Sequence14" spec="beast.base.evolution.alignment.Sequence" taxon="RW.CTAGAGTTCCATTCTA-1" totalcount="166" value="15,35,35,29,0,165,165,16,16,16,16,7,165,165,165,4,3,3"/>
#                    <sequence id="Sequence15" spec="beast.base.evolution.alignment.Sequence" taxon="RW.CTAACTTAGATGAGAG-1" totalcount="166" value="39,40,0,13,0,3,3,4,41,0,42,7,43,44,0,165,165,165"/>
#                    <sequence id="Sequence16" spec="beast.base.evolution.alignment.Sequence" taxon="RW.CGTCACTGTGTCCTCT-1" totalcount="166" value="1,1,45,165,0,3,3,4,5,46,46,7,0,3,3,165,165,165"/>
#                    <sequence id="Sequence17" spec="beast.base.evolution.alignment.Sequence" taxon="RW.CGAGAAGAGATCCTGT-1" totalcount="166" value="47,20,20,0,0,0,10,48,0,4,0,7,49,0,13,165,165,165"/>
#                    <sequence id="Sequence18" spec="beast.base.evolution.alignment.Sequence" taxon="RW.CCTAGCTGTCGGCACT-1" totalcount="166" value="11,11,9,45,13,3,3,4,0,0,17,7,43,25,31,50,0,51"/>
#                    <sequence id="Sequence19" spec="beast.base.evolution.alignment.Sequence" taxon="RW.CAACCTCCAACACCCG-1" totalcount="166" value="0,0,30,13,31,3,3,165,165,4,25,7,11,11,32,33,34,13"/>
#                    <sequence id="Sequence20" spec="beast.base.evolution.alignment.Sequence" taxon="RW.ATCGAGTAGCCAGTTT-1" totalcount="166" value="11,11,13,52,13,25,10,11,11,11,11,7,4,25,13,4,14,31"/>
#                    <sequence id="Sequence21" spec="beast.base.evolution.alignment.Sequence" taxon="RW.AGCGGTCGTGGACGAT-1" totalcount="166" value="15,0,9,13,0,165,165,16,16,0,0,7,165,165,165,4,3,3"/>
#                    <sequence id="Sequence22" spec="beast.base.evolution.alignment.Sequence" taxon="RW.AGCAGCCGTTATGTGC-1" totalcount="166" value="1,1,13,9,0,3,3,4,5,46,46,7,0,3,3,165,165,165"/>
#                    <sequence id="Sequence23" spec="beast.base.evolution.alignment.Sequence" taxon="RW.ACTTTCAGTGTTCTTT-1" totalcount="166" value="11,11,9,13,165,53,9,51,51,165,165,165,165,165,165,54,55,55"/>
#                    <sequence id="Sequence24" spec="beast.base.evolution.alignment.Sequence" taxon="RW.ACCTTTATCAGCTCGG-1" totalcount="166" value="15,0,28,29,0,165,165,16,16,11,11,7,165,165,165,4,3,3"/>
#                    <sequence id="Sequence25" spec="beast.base.evolution.alignment.Sequence" taxon="RW.ACACCGGCAAAGCGGT-1" totalcount="166" value="165,165,165,13,13,3,3,165,165,165,165,165,11,11,32,56,56,56"/>
#                    <sequence id="Sequence26" spec="beast.base.evolution.alignment.Sequence" taxon="RW.ACACCCTTCCCTCAGT-1" totalcount="166" value="15,17,0,0,165,165,165,16,16,165,165,165,165,165,165,4,3,3"/>
#                    <sequence id="Sequence27" spec="beast.base.evolution.alignment.Sequence" taxon="RW.AAGTCTGGTAGAGCTG-1" totalcount="166" value="15,0,28,165,9,165,165,16,16,165,165,165,165,165,165,4,3,3"/>
#                    <sequence id="Sequence28" spec="beast.base.evolution.alignment.Sequence" taxon="RE.TGTTCCGTCACGCGGT-1" totalcount="166" value="15,57,13,58,9,165,165,16,16,165,165,165,165,165,165,4,3,3"/>
#                    <sequence id="Sequence29" spec="beast.base.evolution.alignment.Sequence" taxon="RE.TGCCCTATCAGCTTAG-1" totalcount="166" value="15,57,0,58,59,165,165,16,16,165,165,165,165,165,165,4,3,3"/>
#                    <sequence id="Sequence30" spec="beast.base.evolution.alignment.Sequence" taxon="RE.TCAGCTCAGCTGTTCA-1" totalcount="166" value="165,165,165,0,32,3,3,4,5,165,165,165,0,3,3,165,165,165"/>
#                    <sequence id="Sequence31" spec="beast.base.evolution.alignment.Sequence" taxon="RE.TCACAAGGTTGGGACA-1" totalcount="166" value="15,57,0,58,0,165,165,16,16,165,165,165,165,165,165,4,3,3"/>
#                    <sequence id="Sequence32" spec="beast.base.evolution.alignment.Sequence" taxon="RE.GTTTCTACATCGGAAG-1" totalcount="166" value="15,57,0,58,0,165,165,16,16,165,165,165,165,165,165,4,3,3"/>
#                    <sequence id="Sequence33" spec="beast.base.evolution.alignment.Sequence" taxon="RE.GTGAAGGAGAGTACAT-1" totalcount="166" value="15,57,0,58,0,165,165,16,16,165,165,165,165,165,165,4,3,3"/>
#                    <sequence id="Sequence34" spec="beast.base.evolution.alignment.Sequence" taxon="RE.GTCAAGTTCCATGCTC-1" totalcount="166" value="1,1,0,13,165,3,3,4,5,4,60,7,0,3,3,165,165,165"/>
#                    <sequence id="Sequence35" spec="beast.base.evolution.alignment.Sequence" taxon="RE.GGTGCGTTCAGGCAAG-1" totalcount="166" value="15,61,62,0,13,165,165,16,16,4,63,7,165,165,165,4,3,3"/>
#                    <sequence id="Sequence36" spec="beast.base.evolution.alignment.Sequence" taxon="RE.GGCTGGTGTTGTACAC-1" totalcount="166" value="15,57,0,58,0,165,165,16,16,165,165,165,165,165,165,4,3,3"/>
#                    <sequence id="Sequence37" spec="beast.base.evolution.alignment.Sequence" taxon="RE.GCTTGAATCTGCTGTC-1" totalcount="166" value="1,1,64,165,0,3,3,165,165,65,66,7,0,3,3,165,165,165"/>
#                    <sequence id="Sequence38" spec="beast.base.evolution.alignment.Sequence" taxon="RE.GCGCGATAGTGAAGTT-1" totalcount="166" value="1,1,0,58,67,3,3,4,5,4,68,7,0,3,3,165,165,165"/>
#                    <sequence id="Sequence39" spec="beast.base.evolution.alignment.Sequence" taxon="RE.GACGCGTCACTTCGAA-1" totalcount="166" value="15,57,0,58,62,165,165,16,16,165,165,165,165,165,165,4,3,3"/>
#                    <sequence id="Sequence40" spec="beast.base.evolution.alignment.Sequence" taxon="RE.CGTTCTGGTAATCACC-1" totalcount="166" value="1,1,0,69,70,3,3,4,5,165,165,165,0,3,3,165,165,165"/>
#                    <sequence id="Sequence41" spec="beast.base.evolution.alignment.Sequence" taxon="RE.CGTTAGAGTAATTGGA-1" totalcount="166" value="1,1,21,13,165,3,3,4,5,71,71,7,0,3,3,165,165,165"/>
#                    <sequence id="Sequence42" spec="beast.base.evolution.alignment.Sequence" taxon="RE.CGCGGTATCACTTACT-1" totalcount="166" value="11,11,30,72,73,3,3,165,165,74,0,7,11,11,32,33,34,9"/>
#                    <sequence id="Sequence43" spec="beast.base.evolution.alignment.Sequence" taxon="RE.CCTCAGTAGTGGGATC-1" totalcount="166" value="1,1,0,21,0,3,3,4,5,75,68,7,0,3,3,165,165,165"/>
#                    <sequence id="Sequence44" spec="beast.base.evolution.alignment.Sequence" taxon="RE.CCACGGAAGAGCTTCT-1" totalcount="166" value="1,1,0,58,67,3,3,4,5,4,68,7,0,3,3,165,165,165"/>
#                    <sequence id="Sequence45" spec="beast.base.evolution.alignment.Sequence" taxon="RE.CATATGGCAGCTCGCA-1" totalcount="166" value="1,1,0,0,0,3,3,4,5,4,68,7,0,3,3,165,165,165"/>
#                    <sequence id="Sequence46" spec="beast.base.evolution.alignment.Sequence" taxon="RE.CAAGATCTCCTTGGTC-1" totalcount="166" value="15,57,0,58,0,165,165,16,16,165,165,165,165,165,165,4,3,3"/>
#                    <sequence id="Sequence47" spec="beast.base.evolution.alignment.Sequence" taxon="RE.ATTATCCGTTAGTGGG-1" totalcount="166" value="1,1,76,13,165,3,3,4,5,77,25,7,0,3,3,165,165,165"/>
#                    <sequence id="Sequence48" spec="beast.base.evolution.alignment.Sequence" taxon="RE.AGGCCACTCAACGGCC-1" totalcount="166" value="15,78,79,13,72,165,165,16,16,165,165,165,165,165,165,4,3,3"/>
#                    <sequence id="Sequence49" spec="beast.base.evolution.alignment.Sequence" taxon="RE.AGGCCACGTTCGCGAC-1" totalcount="166" value="1,1,22,13,0,3,3,4,5,165,165,165,0,3,3,165,165,165"/>
#                    <sequence id="Sequence50" spec="beast.base.evolution.alignment.Sequence" taxon="RE.AGCTCTCCAATTGCTG-1" totalcount="166" value="15,57,0,58,80,165,165,16,16,165,165,165,165,165,165,4,3,3"/>
#                    <sequence id="Sequence51" spec="beast.base.evolution.alignment.Sequence" taxon="RE.AGCGTCGCACTCGACG-1" totalcount="166" value="1,1,81,13,13,3,3,4,5,0,68,7,0,3,3,165,165,165"/>
#                    <sequence id="Sequence52" spec="beast.base.evolution.alignment.Sequence" taxon="RE.ACTGATGTCGTAGATC-1" totalcount="166" value="15,57,0,58,62,165,165,16,16,165,165,165,165,165,165,82,3,3"/>
#                    <sequence id="Sequence53" spec="beast.base.evolution.alignment.Sequence" taxon="RE.AAGGTTCTCGAATGGG-1" totalcount="166" value="1,1,0,0,67,3,3,4,5,83,68,7,0,3,3,165,165,165"/>
#                    <sequence id="Sequence54" spec="beast.base.evolution.alignment.Sequence" taxon="RE.AAGGCAGAGAAGCCCA-1" totalcount="166" value="15,57,0,58,62,165,165,16,16,165,165,165,165,165,165,4,3,3"/>
#                    <sequence id="Sequence55" spec="beast.base.evolution.alignment.Sequence" taxon="RE.AAGCCGCGTCAACATC-1" totalcount="166" value="15,57,0,58,0,165,165,16,16,165,165,165,165,165,165,4,3,3"/>
#                    <sequence id="Sequence56" spec="beast.base.evolution.alignment.Sequence" taxon="RE.AAGACCTAGCCCAACC-1" totalcount="166" value="1,1,22,13,0,3,3,4,5,165,165,165,0,3,3,165,165,165"/>
#                    <sequence id="Sequence57" spec="beast.base.evolution.alignment.Sequence" taxon="M2.TTTGCGCTCCTAAGTG-1" totalcount="166" value="165,165,165,84,0,165,165,16,16,0,85,7,165,165,165,4,3,3"/>
#                    <sequence id="Sequence58" spec="beast.base.evolution.alignment.Sequence" taxon="M2.TGCCCATCATAGACTC-1" totalcount="166" value="1,1,13,0,86,3,3,4,5,11,11,7,0,3,3,165,165,165"/>
#                    <sequence id="Sequence59" spec="beast.base.evolution.alignment.Sequence" taxon="M2.TCTTTCCCATAGAAAC-1" totalcount="166" value="15,61,0,0,13,165,165,16,16,0,0,7,165,165,165,4,3,3"/>
#                    <sequence id="Sequence60" spec="beast.base.evolution.alignment.Sequence" taxon="M2.TCGCGTTGTTGGGACA-1" totalcount="166" value="15,87,13,62,165,88,10,16,16,89,89,7,165,165,165,4,3,3"/>
#                    <sequence id="Sequence61" spec="beast.base.evolution.alignment.Sequence" taxon="M2.TAGTGGTTCGTTACAG-1" totalcount="166" value="15,61,13,31,13,165,165,16,16,11,11,7,165,165,165,4,3,3"/>
#                    <sequence id="Sequence62" spec="beast.base.evolution.alignment.Sequence" taxon="M2.GTTACAGAGCTCCCAG-1" totalcount="166" value="1,1,22,0,165,3,3,4,5,90,0,7,0,3,3,165,165,165"/>
#                    <sequence id="Sequence63" spec="beast.base.evolution.alignment.Sequence" taxon="M2.GTATCTTGTATCGCAT-1" totalcount="166" value="15,61,13,165,13,165,165,16,16,165,165,165,165,165,165,4,3,3"/>
#                    <sequence id="Sequence64" spec="beast.base.evolution.alignment.Sequence" taxon="M2.GGCAATTAGTGCCAGA-1" totalcount="166" value="15,0,0,84,0,165,165,16,16,91,0,7,165,165,165,4,3,3"/>
#                    <sequence id="Sequence65" spec="beast.base.evolution.alignment.Sequence" taxon="M2.GGAATAATCGTCGTTC-1" totalcount="166" value="165,165,165,84,0,165,165,16,16,0,0,7,165,165,165,4,3,3"/>
#                    <sequence id="Sequence66" spec="beast.base.evolution.alignment.Sequence" taxon="M2.GCGGGTTGTAGAAAGG-1" totalcount="166" value="1,1,13,9,0,3,3,4,5,92,17,7,0,3,3,165,165,165"/>
#                    <sequence id="Sequence67" spec="beast.base.evolution.alignment.Sequence" taxon="M2.GCAATCAAGCTGAAAT-1" totalcount="166" value="15,51,51,29,0,165,165,16,16,165,165,165,165,165,165,4,3,3"/>
#                    <sequence id="Sequence68" spec="beast.base.evolution.alignment.Sequence" taxon="M2.GATCTAGGTTATTCTC-1" totalcount="166" value="165,165,165,93,9,94,10,16,16,165,165,165,4,38,0,4,3,3"/>
#                    <sequence id="Sequence69" spec="beast.base.evolution.alignment.Sequence" taxon="M2.CTTTGCGGTGCTGTAT-1" totalcount="166" value="15,0,0,84,0,165,165,16,16,95,95,95,165,165,165,4,3,3"/>
#                    <sequence id="Sequence70" spec="beast.base.evolution.alignment.Sequence" taxon="M2.CTCTAATTCTGAGTGT-1" totalcount="166" value="15,61,31,96,13,165,165,16,16,4,0,7,165,165,165,4,3,3"/>
#                    <sequence id="Sequence71" spec="beast.base.evolution.alignment.Sequence" taxon="M2.CTCACACAGACAGGCT-1" totalcount="166" value="15,61,9,0,13,165,165,16,16,0,0,7,165,165,165,4,3,3"/>
#                    <sequence id="Sequence72" spec="beast.base.evolution.alignment.Sequence" taxon="M2.CTACACCCAATGGACG-1" totalcount="166" value="4,3,3,165,13,0,10,4,0,165,165,165,165,165,165,4,14,13"/>
#                    <sequence id="Sequence73" spec="beast.base.evolution.alignment.Sequence" taxon="M2.CTAATGGAGCGTAGTG-1" totalcount="166" value="15,0,0,84,0,165,165,16,16,0,0,7,165,165,165,4,3,3"/>
#                    <sequence id="Sequence74" spec="beast.base.evolution.alignment.Sequence" taxon="M2.CGTTAGAGTAAGTGTA-1" totalcount="166" value="165,165,165,165,13,165,165,16,16,97,0,7,165,165,165,4,3,3"/>
#                    <sequence id="Sequence75" spec="beast.base.evolution.alignment.Sequence" taxon="M2.CGTGAGCAGCCCGAAA-1" totalcount="166" value="15,61,9,0,13,165,165,16,16,0,0,7,165,165,165,4,3,3"/>
#                    <sequence id="Sequence76" spec="beast.base.evolution.alignment.Sequence" taxon="M2.CGGACACTCTGGTATG-1" totalcount="166" value="165,165,165,13,0,3,3,4,5,4,98,7,0,3,3,165,165,165"/>
#                    <sequence id="Sequence77" spec="beast.base.evolution.alignment.Sequence" taxon="M2.CGCTTCAGTCATCCCT-1" totalcount="166" value="165,165,165,29,99,165,165,16,16,165,165,165,165,165,165,4,3,3"/>
#                    <sequence id="Sequence78" spec="beast.base.evolution.alignment.Sequence" taxon="M2.CGATGTAAGCTCCCAG-1" totalcount="166" value="1,1,81,0,13,3,3,4,5,100,68,7,165,165,165,165,165,165"/>
#                    <sequence id="Sequence79" spec="beast.base.evolution.alignment.Sequence" taxon="M2.CGAACATGTTTGGGCC-1" totalcount="166" value="101,3,3,0,13,165,165,4,0,165,165,165,165,165,165,165,165,165"/>
#                    <sequence id="Sequence80" spec="beast.base.evolution.alignment.Sequence" taxon="M2.CCTAAAGTCCCTCAGT-1" totalcount="166" value="1,1,81,0,13,3,3,4,5,100,68,7,0,3,3,165,165,165"/>
#                    <sequence id="Sequence81" spec="beast.base.evolution.alignment.Sequence" taxon="M2.CCGTGGATCCAATGGT-1" totalcount="166" value="1,1,0,0,67,3,3,4,5,74,68,7,0,3,3,165,165,165"/>
#                    <sequence id="Sequence82" spec="beast.base.evolution.alignment.Sequence" taxon="M2.CCACGGAGTCTAGTGT-1" totalcount="166" value="15,0,0,84,0,165,165,16,16,102,25,7,165,165,165,4,3,3"/>
#                    <sequence id="Sequence83" spec="beast.base.evolution.alignment.Sequence" taxon="M2.CATTCGCAGAACAACT-1" totalcount="166" value="11,11,84,52,13,165,165,11,11,11,11,7,103,0,13,4,14,31"/>
#                    <sequence id="Sequence84" spec="beast.base.evolution.alignment.Sequence" taxon="M2.CACCACTGTGCCTGGT-1" totalcount="166" value="15,61,9,84,13,165,165,16,16,90,0,7,165,165,165,4,3,3"/>
#                    <sequence id="Sequence85" spec="beast.base.evolution.alignment.Sequence" taxon="M2.CACACTCTCCTTAATC-1" totalcount="166" value="15,0,104,84,0,165,165,16,16,0,0,7,165,165,165,4,3,3"/>
#                    <sequence id="Sequence86" spec="beast.base.evolution.alignment.Sequence" taxon="M2.CACAAACAGTCATCCA-1" totalcount="166" value="165,165,165,0,62,78,10,0,105,106,106,106,0,25,79,4,0,107"/>
#                    <sequence id="Sequence87" spec="beast.base.evolution.alignment.Sequence" taxon="M2.CAAGAAAAGCTCCTTC-1" totalcount="166" value="15,61,0,96,13,165,165,16,16,0,0,7,165,165,165,4,3,3"/>
#                    <sequence id="Sequence88" spec="beast.base.evolution.alignment.Sequence" taxon="M2.ATGCGATAGATGCCTT-1" totalcount="166" value="15,61,0,0,13,165,165,16,16,0,0,7,165,165,165,4,3,3"/>
#                    <sequence id="Sequence89" spec="beast.base.evolution.alignment.Sequence" taxon="M2.ATAGACCTCGTACCGG-1" totalcount="166" value="15,0,84,84,0,165,165,16,16,0,85,7,165,165,165,4,3,3"/>
#                    <sequence id="Sequence90" spec="beast.base.evolution.alignment.Sequence" taxon="M2.ACGCCAGAGCCATCGC-1" totalcount="166" value="15,57,0,9,10,165,165,16,16,0,0,7,165,165,165,4,3,3"/>
#                    <sequence id="Sequence91" spec="beast.base.evolution.alignment.Sequence" taxon="M2.ACGATGTAGAACAACT-1" totalcount="166" value="4,3,3,13,13,165,165,4,0,165,165,165,4,12,13,4,14,13"/>
#                    <sequence id="Sequence92" spec="beast.base.evolution.alignment.Sequence" taxon="M2.ACGATACCACGGCCAT-1" totalcount="166" value="165,165,165,13,0,3,3,165,165,165,165,165,11,11,32,4,34,13"/>
#                    <sequence id="Sequence93" spec="beast.base.evolution.alignment.Sequence" taxon="M2.ACACCCTGTACATCCA-1" totalcount="166" value="15,61,0,0,13,165,165,16,16,4,0,7,165,165,165,4,3,3"/>
#                    <sequence id="Sequence94" spec="beast.base.evolution.alignment.Sequence" taxon="M2.AAGGCAGAGTGAAGTT-1" totalcount="166" value="1,1,81,165,108,3,3,4,5,90,68,7,0,3,3,165,165,165"/>
#                    <sequence id="Sequence95" spec="beast.base.evolution.alignment.Sequence" taxon="M1.TTTATGCAGAGGTTAT-1" totalcount="166" value="4,109,13,110,13,3,3,165,165,11,11,7,11,11,32,111,34,112"/>
#                    <sequence id="Sequence96" spec="beast.base.evolution.alignment.Sequence" taxon="M1.TGGGCGTTCGCCTGTT-1" totalcount="166" value="165,165,165,84,0,165,165,165,165,46,46,7,165,165,165,165,165,165"/>
#                    <sequence id="Sequence97" spec="beast.base.evolution.alignment.Sequence" taxon="M1.TGAGGGATCACGGTTA-1" totalcount="166" value="4,25,9,13,13,3,3,165,165,4,113,7,11,11,32,114,114,0"/>
#                    <sequence id="Sequence98" spec="beast.base.evolution.alignment.Sequence" taxon="M1.TGACAACAGAGGTACC-1" totalcount="166" value="74,0,9,13,95,0,0,165,165,95,95,95,0,25,84,165,165,165"/>
#                    <sequence id="Sequence99" spec="beast.base.evolution.alignment.Sequence" taxon="M1.TCTCATATCCGCATCT-1" totalcount="166" value="165,165,165,52,13,165,165,11,11,11,11,7,4,0,13,4,14,31"/>
#                    <sequence id="Sequence100" spec="beast.base.evolution.alignment.Sequence" taxon="M1.TCTCATAAGCTGATAA-1" totalcount="166" value="165,165,165,0,165,165,165,16,16,115,116,117,165,165,165,165,165,165"/>
#                    <sequence id="Sequence101" spec="beast.base.evolution.alignment.Sequence" taxon="M1.TCGGGACAGCTAAGAT-1" totalcount="166" value="11,11,0,52,13,165,165,11,11,11,11,7,39,118,13,4,14,31"/>
#                    <sequence id="Sequence102" spec="beast.base.evolution.alignment.Sequence" taxon="M1.TCAGATGCAGCATACT-1" totalcount="166" value="1,1,119,0,7,3,3,4,5,11,11,7,0,3,3,165,165,165"/>
#                    <sequence id="Sequence103" spec="beast.base.evolution.alignment.Sequence" taxon="M1.TACACGAAGTGGTAAT-1" totalcount="166" value="102,0,30,13,0,3,3,165,165,0,120,7,11,11,32,33,34,9"/>
#                    <sequence id="Sequence104" spec="beast.base.evolution.alignment.Sequence" taxon="M1.TAAGTGCCAAAGCAAT-1" totalcount="166" value="15,0,0,165,0,165,165,16,16,165,165,165,165,165,165,4,3,3"/>
#                    <sequence id="Sequence105" spec="beast.base.evolution.alignment.Sequence" taxon="M1.GTTCTCGTCTGCAAGT-1" totalcount="166" value="95,95,95,0,9,3,3,4,0,165,165,165,43,0,0,11,11,51"/>
#                    <sequence id="Sequence106" spec="beast.base.evolution.alignment.Sequence" taxon="M1.GTTAAGCAGGACATTA-1" totalcount="166" value="1,1,0,0,112,3,3,4,5,46,46,7,0,3,3,165,165,165"/>
#                    <sequence id="Sequence107" spec="beast.base.evolution.alignment.Sequence" taxon="M1.GTATTCTAGACCTAGG-1" totalcount="166" value="15,121,13,13,9,165,165,16,16,122,0,7,165,165,165,4,3,3"/>
#                    <sequence id="Sequence108" spec="beast.base.evolution.alignment.Sequence" taxon="M1.GTACTCCGTGTTGGGA-1" totalcount="166" value="11,11,112,165,165,3,3,4,0,165,165,165,43,0,123,165,165,165"/>
#                    <sequence id="Sequence109" spec="beast.base.evolution.alignment.Sequence" taxon="M1.GGAGCAATCGGACAAG-1" totalcount="166" value="15,0,124,62,0,0,10,16,16,4,125,7,165,165,165,4,3,3"/>
#                    <sequence id="Sequence110" spec="beast.base.evolution.alignment.Sequence" taxon="M1.GCGGGTTAGTTGCAGG-1" totalcount="166" value="15,3,3,0,13,165,165,16,16,165,165,165,165,165,165,4,3,3"/>
#                    <sequence id="Sequence111" spec="beast.base.evolution.alignment.Sequence" taxon="M1.GCGCGATTCACCGTAA-1" totalcount="166" value="15,0,126,29,165,165,165,16,16,165,165,165,165,165,165,165,165,165"/>
#                    <sequence id="Sequence112" spec="beast.base.evolution.alignment.Sequence" taxon="M1.GCAAACTCATACGCCG-1" totalcount="166" value="15,0,126,29,0,165,165,16,16,165,165,165,165,165,165,4,3,3"/>
#                    <sequence id="Sequence113" spec="beast.base.evolution.alignment.Sequence" taxon="M1.GATTCAGAGCTAGTTC-1" totalcount="166" value="15,0,0,0,13,165,165,16,16,165,165,165,165,165,165,4,3,3"/>
#                    <sequence id="Sequence114" spec="beast.base.evolution.alignment.Sequence" taxon="M1.GATGCTAGTTTAGCTG-1" totalcount="166" value="15,0,0,31,127,165,165,16,16,165,165,165,165,165,165,4,3,3"/>
#                    <sequence id="Sequence115" spec="beast.base.evolution.alignment.Sequence" taxon="M1.GAACATCCAGACAAGC-1" totalcount="166" value="1,1,0,13,165,3,3,4,5,51,51,51,0,3,3,165,165,165"/>
#                    <sequence id="Sequence116" spec="beast.base.evolution.alignment.Sequence" taxon="M1.CTGTGCTTCTGCGGCA-1" totalcount="166" value="15,128,129,32,13,165,165,16,16,4,17,7,165,165,165,165,165,165"/>
#                    <sequence id="Sequence117" spec="beast.base.evolution.alignment.Sequence" taxon="M1.CTGATAGAGGTGTGGT-1" totalcount="166" value="1,1,0,165,13,3,3,4,5,46,46,7,0,3,3,165,165,165"/>
#                    <sequence id="Sequence118" spec="beast.base.evolution.alignment.Sequence" taxon="M1.CTCCTAGGTCAAACTC-1" totalcount="166" value="39,40,13,165,130,3,3,4,0,165,165,165,165,165,165,165,165,165"/>
#                    <sequence id="Sequence119" spec="beast.base.evolution.alignment.Sequence" taxon="M1.CTCACACCAGGCGATA-1" totalcount="166" value="4,25,21,131,9,25,10,165,165,4,25,7,132,17,133,4,42,0"/>
#                    <sequence id="Sequence120" spec="beast.base.evolution.alignment.Sequence" taxon="M1.CTACGTCCACCTCGGA-1" totalcount="166" value="4,25,0,13,13,3,3,165,165,4,0,7,11,11,32,114,114,0"/>
#                    <sequence id="Sequence121" spec="beast.base.evolution.alignment.Sequence" taxon="M1.CGTGTAAAGCCCAACC-1" totalcount="166" value="4,109,13,110,13,3,3,165,165,165,165,165,11,11,32,111,34,112"/>
#                    <sequence id="Sequence122" spec="beast.base.evolution.alignment.Sequence" taxon="M1.CGTAGGCTCGAATGCT-1" totalcount="166" value="1,1,22,13,9,3,3,4,5,165,165,165,0,3,3,165,165,165"/>
#                    <sequence id="Sequence123" spec="beast.base.evolution.alignment.Sequence" taxon="M1.CCACGGATCTTTAGGG-1" totalcount="166" value="15,134,135,0,127,165,165,16,16,16,16,7,165,165,165,4,3,3"/>
#                    <sequence id="Sequence124" spec="beast.base.evolution.alignment.Sequence" taxon="M1.CATTCGCTCTTAACCT-1" totalcount="166" value="165,165,165,0,165,3,3,4,0,165,165,165,43,94,0,165,165,165"/>
#                    <sequence id="Sequence125" spec="beast.base.evolution.alignment.Sequence" taxon="M1.CATCCACTCAGGTAAA-1" totalcount="166" value="0,44,13,165,13,165,165,165,165,11,11,7,165,165,165,165,165,165"/>
#                    <sequence id="Sequence126" spec="beast.base.evolution.alignment.Sequence" taxon="M1.CATCAAGCACAACGCC-1" totalcount="166" value="15,0,84,136,31,165,165,16,16,137,138,7,165,165,165,4,3,3"/>
#                    <sequence id="Sequence127" spec="beast.base.evolution.alignment.Sequence" taxon="M1.CATCAAGAGAGATGAG-1" totalcount="166" value="11,11,139,52,13,165,165,11,11,140,140,7,90,141,13,4,14,31"/>
#                    <sequence id="Sequence128" spec="beast.base.evolution.alignment.Sequence" taxon="M1.CAGTCCTGTGAGGGAG-1" totalcount="166" value="0,25,0,0,165,0,10,142,118,165,165,165,4,25,13,4,14,31"/>
#                    <sequence id="Sequence129" spec="beast.base.evolution.alignment.Sequence" taxon="M1.CAGAATCGTTCGTGAT-1" totalcount="166" value="15,0,0,31,0,165,165,16,16,165,165,165,165,165,165,4,3,3"/>
#                    <sequence id="Sequence130" spec="beast.base.evolution.alignment.Sequence" taxon="M1.CACCAGGGTTGTGGAG-1" totalcount="166" value="15,143,72,0,13,165,165,16,16,4,144,7,165,165,165,4,3,3"/>
#                    <sequence id="Sequence131" spec="beast.base.evolution.alignment.Sequence" taxon="M1.CAACCTCGTGTGAAAT-1" totalcount="166" value="145,146,13,9,147,25,10,148,149,150,150,7,11,11,13,4,14,13"/>
#                    <sequence id="Sequence132" spec="beast.base.evolution.alignment.Sequence" taxon="M1.ATGCGATCATGGTCTA-1" totalcount="166" value="1,1,13,165,0,3,3,4,151,65,66,7,0,3,3,165,165,165"/>
#                    <sequence id="Sequence133" spec="beast.base.evolution.alignment.Sequence" taxon="M1.ATCCACCCAGATGGGT-1" totalcount="166" value="11,11,0,52,13,118,10,11,11,11,11,7,4,152,13,4,14,31"/>
#                    <sequence id="Sequence134" spec="beast.base.evolution.alignment.Sequence" taxon="M1.AGTTGGTCATGAGCGA-1" totalcount="166" value="19,20,20,0,21,0,10,165,165,11,11,7,4,0,13,165,165,165"/>
#                    <sequence id="Sequence135" spec="beast.base.evolution.alignment.Sequence" taxon="M1.AGTCTTTGTAATCGTC-1" totalcount="166" value="1,1,13,165,0,3,3,4,151,65,66,7,0,3,3,165,165,165"/>
#                    <sequence id="Sequence136" spec="beast.base.evolution.alignment.Sequence" taxon="M1.AGCGGTCGTGAGTATA-1" totalcount="166" value="15,57,13,165,153,165,165,16,16,11,11,7,165,165,165,4,3,3"/>
#                    <sequence id="Sequence137" spec="beast.base.evolution.alignment.Sequence" taxon="M1.ACTGTCCGTAAGGGCT-1" totalcount="166" value="15,35,35,29,13,165,165,16,16,4,94,7,165,165,165,4,3,3"/>
#                    <sequence id="Sequence138" spec="beast.base.evolution.alignment.Sequence" taxon="M1.ACCTTTATCTTTACGT-1" totalcount="166" value="0,42,7,0,13,3,3,165,165,165,165,165,165,165,165,165,165,165"/>
#                    <sequence id="Sequence139" spec="beast.base.evolution.alignment.Sequence" taxon="M1.ACCCACTGTAGAAAGG-1" totalcount="166" value="165,165,165,165,9,3,3,165,165,165,165,165,43,113,9,165,165,165"/>
#                    <sequence id="Sequence140" spec="beast.base.evolution.alignment.Sequence" taxon="M1.AAGGTTCTCCAGTAGT-1" totalcount="166" value="154,0,0,13,0,3,3,4,0,165,165,165,43,94,155,165,165,165"/>
#                    <sequence id="Sequence141" spec="beast.base.evolution.alignment.Sequence" taxon="M1.AAGGCAGGTATAGTAG-1" totalcount="166" value="4,0,21,84,0,0,10,4,42,90,25,7,165,165,165,4,156,9"/>
#                    <sequence id="Sequence142" spec="beast.base.evolution.alignment.Sequence" taxon="M1.AACGTTGAGCGACGTA-1" totalcount="166" value="15,157,0,31,9,165,165,16,16,165,165,165,165,165,165,165,165,165"/>
#                    <sequence id="Sequence143" spec="beast.base.evolution.alignment.Sequence" taxon="M1.AAAGATGAGTATCTCG-1" totalcount="166" value="15,143,72,0,13,165,165,16,16,4,144,7,165,165,165,4,3,3"/>
#                    <sequence id="Sequence144" spec="beast.base.evolution.alignment.Sequence" taxon="Liv.TCTCTAATCTTCAACT-1" totalcount="166" value="4,113,51,52,0,0,10,11,11,4,0,7,4,94,13,4,14,31"/>
#                    <sequence id="Sequence145" spec="beast.base.evolution.alignment.Sequence" taxon="Liv.TCGGTAACACTCGACG-1" totalcount="166" value="4,113,51,52,0,0,10,11,11,4,0,7,4,94,13,4,14,31"/>
#                    <sequence id="Sequence146" spec="beast.base.evolution.alignment.Sequence" taxon="Liv.GTATCTTCACCAGGCT-1" totalcount="166" value="1,1,0,0,67,3,3,4,5,4,68,7,0,3,3,165,165,165"/>
#                    <sequence id="Sequence147" spec="beast.base.evolution.alignment.Sequence" taxon="Liv.GTAGGCCCAGCTTAAC-1" totalcount="166" value="1,1,22,9,0,3,3,4,5,74,25,7,0,3,3,165,165,165"/>
#                    <sequence id="Sequence148" spec="beast.base.evolution.alignment.Sequence" taxon="Liv.GATTCAGAGCTAGGCA-1" totalcount="166" value="39,40,13,13,76,3,3,4,0,4,42,7,43,44,13,75,0,51"/>
#                    <sequence id="Sequence149" spec="beast.base.evolution.alignment.Sequence" taxon="Liv.CTCGAGGAGACTCGGA-1" totalcount="166" value="39,40,13,0,76,3,3,4,0,4,42,7,43,44,13,75,0,51"/>
#                    <sequence id="Sequence150" spec="beast.base.evolution.alignment.Sequence" taxon="Liv.CAGCTAACAAGGTTCT-1" totalcount="166" value="39,40,13,32,76,3,3,4,0,4,42,7,43,44,13,75,0,51"/>
#                    <sequence id="Sequence151" spec="beast.base.evolution.alignment.Sequence" taxon="Liv.ATCTACTAGCTGCGAA-1" totalcount="166" value="165,165,165,165,9,3,3,4,5,4,158,7,0,3,3,165,165,165"/>
#                    <sequence id="Sequence152" spec="beast.base.evolution.alignment.Sequence" taxon="Liv.ATCGAGTTCACTCTTA-1" totalcount="166" value="0,42,0,9,159,3,3,4,160,165,165,165,43,0,9,11,11,51"/>
#                    <sequence id="Sequence153" spec="beast.base.evolution.alignment.Sequence" taxon="Liv.ACACCGGTCTACTCAT-1" totalcount="166" value="4,0,30,13,0,3,3,165,165,161,161,161,11,11,32,33,34,13"/>
#                    <sequence id="Sequence154" spec="beast.base.evolution.alignment.Sequence" taxon="LL.TTATGCTGTTAAAGAC-1" totalcount="166" value="165,165,165,0,32,165,165,4,5,165,165,165,0,3,3,165,165,165"/>
#                    <sequence id="Sequence155" spec="beast.base.evolution.alignment.Sequence" taxon="LL.TGCGCAGTCCACTCCA-1" totalcount="166" value="4,143,31,13,162,3,3,165,165,4,0,7,11,11,32,163,163,163"/>
#                    <sequence id="Sequence156" spec="beast.base.evolution.alignment.Sequence" taxon="LL.GTGCAGCAGAACTCGG-1" totalcount="166" value="4,25,30,84,13,3,3,165,165,165,165,165,11,11,32,33,34,32"/>
#                    <sequence id="Sequence157" spec="beast.base.evolution.alignment.Sequence" taxon="LL.GGGAATGAGGATGCGT-1" totalcount="166" value="15,3,3,93,9,0,10,16,16,165,165,165,165,165,165,4,3,3"/>
#                    <sequence id="Sequence158" spec="beast.base.evolution.alignment.Sequence" taxon="LL.GGACAGAAGACGCTTT-1" totalcount="166" value="1,1,62,0,0,3,3,4,5,46,46,7,0,3,3,165,165,165"/>
#                    <sequence id="Sequence159" spec="beast.base.evolution.alignment.Sequence" taxon="LL.CCTTACGTCGAGAGCA-1" totalcount="166" value="1,1,0,164,9,3,3,4,5,46,46,7,0,3,3,165,165,165"/>
#                    <sequence id="Sequence160" spec="beast.base.evolution.alignment.Sequence" taxon="LL.CAGCGACCAGCCAATT-1" totalcount="166" value="1,1,22,0,9,3,3,4,5,4,0,7,0,3,3,165,165,165"/>
#                    <sequence id="Sequence161" spec="beast.base.evolution.alignment.Sequence" taxon="LL.ATCACGAAGCCAGAAC-1" totalcount="166" value="4,42,7,13,9,3,3,4,0,165,165,165,43,3,3,11,11,51"/>
#                    <sequence id="Sequence162" spec="beast.base.evolution.alignment.Sequence" taxon="LL.AGCCTAATCTGCTGTC-1" totalcount="166" value="4,25,30,84,13,3,3,165,165,165,165,165,11,11,32,33,34,32"/>
#                    <userDataType id="EditData" nrOfStates="166" spec="tidetree.evolution.datatype.EditData"/>
#                </taxa>
#                <taxonset alignment="@alignment" id="taxonset" spec="beast.base.evolution.alignment.TaxonSet"/>
#            </tree>
#        </distribution>
#        <prior id="silencingRatePrior" name="distribution">
#            <parameter id="silencingRate" lower="0.0" name="x" spec="beast.base.inference.parameter.RealParameter" upper="1000.0">0.001</parameter>
#            <Exponential id="Exponential" name="distr">
#                <parameter estimate="false" id="RealParameter3" name="mean" spec="beast.base.inference.parameter.RealParameter">0.1</parameter>
#            </Exponential>
#        </prior>
#        <prior id="ClockPrior.c" name="distribution">
#            <parameter id="clockRate.c" name="x" spec="beast.base.inference.parameter.RealParameter">0.01</parameter>
#            <Exponential id="Exponential1" name="distr">
#                <parameter estimate="false" id="RealParameter4" name="mean" spec="beast.base.inference.parameter.RealParameter">0.1</parameter>
#            </Exponential>
#        </prior>
#        <prior id="relativeGeoRatesPrior.s:tissue" name="distribution">
#            <parameter dimension="6" id="relativeGeoRates.s:tissue" lower="0.0" name="x" spec="beast.base.inference.parameter.RealParameter">1.0</parameter>
#            <Exponential id="Exponential2" name="distr">
#                <parameter estimate="false" id="RealParameter5" name="mean" spec="beast.base.inference.parameter.RealParameter">1.0</parameter>
#            </Exponential>
#        </prior>
#        <prior id="geoclockPrior.c:tissue" name="distribution">
#            <parameter id="traitClockRate" name="x" spec="beast.base.inference.parameter.RealParameter">0.01</parameter>
#            <Exponential id="Exponential3" name="distr">
#                <parameter estimate="false" id="RealParameter6" name="mean" spec="beast.base.inference.parameter.RealParameter">0.1</parameter>
#            </Exponential>
#        </prior>
#        <prior id="piPrimaryTissueFreqPrior" name="distribution">
#            <parameter id="piPrimaryTissueFreq" lower="0.0" name="x" spec="beast.base.inference.parameter.RealParameter" upper="1.0">0.5</parameter>
#            <Uniform id="Uniform" name="distr"/>
#        </prior>
#        <prior id="birthRatePrior" name="distribution" x="@birthRate">
#            <Uniform id="Uniform1" name="distr"/>
#        </prior>
#        <prior id="deathRatePrior" name="distribution" x="@deathRate">
#            <Uniform id="Uniform2" name="distr"/>
#        </prior>
#    </distribution>
#    <distribution id="likelihood" spec="beast.base.inference.CompoundDistribution" useThreads="true">
#        <distribution data="@alignment" id="treeLikelihood" spec="beam.likelihood.BeamBeagleTreeLikelihood" tree="@tree">
#            <parameter id="RealParameter7" lower="0.0" name="origin" spec="beast.base.inference.parameter.RealParameter" upper="0.0">54.0001</parameter>
#            <siteModel gammaCategoryCount="1" id="siteModel" spec="beast.base.evolution.sitemodel.SiteModel">
#                <parameter id="RealParameter8" lower="0.0" name="mutationRate" spec="beast.base.inference.parameter.RealParameter" upper="0.0">1.0</parameter>
#                <substModel id="substModel" silencingRate="@silencingRate" spec="beam.substitutionmodel.BeamMutationSubstitutionModel">
#                    <parameter dimension="164" estimate="false" id="editRate" lower="0.0" name="editRates" spec="beast.base.inference.parameter.RealParameter">0.004098360655737705 0.004098360655737705 0.020491803278688523 0.03278688524590164 0.004098360655737705 0.004098360655737705 0.012295081967213115 0.004098360655737705 0.02459016393442623 0.00819672131147541 0.02459016393442623 0.004098360655737705 0.02459016393442623 0.004098360655737705 0.004098360655737705 0.00819672131147541 0.012295081967213115 0.004098360655737705 0.004098360655737705 0.004098360655737705 0.012295081967213115 0.004098360655737705 0.004098360655737705 0.004098360655737705 0.020491803278688523 0.004098360655737705 0.004098360655737705 0.004098360655737705 0.004098360655737705 0.004098360655737705 0.020491803278688523 0.01639344262295082 0.004098360655737705 0.004098360655737705 0.004098360655737705 0.004098360655737705 0.004098360655737705 0.004098360655737705 0.012295081967213115 0.004098360655737705 0.004098360655737705 0.01639344262295082 0.004098360655737705 0.00819672131147541 0.00819672131147541 0.004098360655737705 0.004098360655737705 0.004098360655737705 0.004098360655737705 0.004098360655737705 0.01639344262295082 0.004098360655737705 0.004098360655737705 0.004098360655737705 0.004098360655737705 0.004098360655737705 0.004098360655737705 0.004098360655737705 0.004098360655737705 0.004098360655737705 0.004098360655737705 0.012295081967213115 0.004098360655737705 0.004098360655737705 0.004098360655737705 0.004098360655737705 0.004098360655737705 0.004098360655737705 0.004098360655737705 0.004098360655737705 0.004098360655737705 0.012295081967213115 0.004098360655737705 0.00819672131147541 0.00819672131147541 0.00819672131147541 0.004098360655737705 0.00819672131147541 0.00819672131147541 0.004098360655737705 0.004098360655737705 0.012295081967213115 0.004098360655737705 0.012295081967213115 0.004098360655737705 0.004098360655737705 0.004098360655737705 0.004098360655737705 0.004098360655737705 0.00819672131147541 0.004098360655737705 0.004098360655737705 0.004098360655737705 0.012295081967213115 0.012295081967213115 0.004098360655737705 0.004098360655737705 0.004098360655737705 0.004098360655737705 0.004098360655737705 0.004098360655737705 0.00819672131147541 0.004098360655737705 0.004098360655737705 0.004098360655737705 0.004098360655737705 0.004098360655737705 0.004098360655737705 0.004098360655737705 0.004098360655737705 0.004098360655737705 0.012295081967213115 0.012295081967213115 0.004098360655737705 0.004098360655737705 0.004098360655737705 0.004098360655737705 0.012295081967213115 0.004098360655737705 0.004098360655737705 0.004098360655737705 0.004098360655737705 0.004098360655737705 0.004098360655737705 0.004098360655737705 0.004098360655737705 0.004098360655737705 0.004098360655737705 0.004098360655737705 0.004098360655737705 0.004098360655737705 0.004098360655737705 0.004098360655737705 0.004098360655737705 0.004098360655737705 0.004098360655737705 0.004098360655737705 0.004098360655737705 0.004098360655737705 0.004098360655737705 0.004098360655737705 0.004098360655737705 0.004098360655737705 0.004098360655737705 0.004098360655737705 0.004098360655737705 0.004098360655737705 0.004098360655737705 0.004098360655737705 0.004098360655737705 0.004098360655737705 0.004098360655737705 0.004098360655737705 0.004098360655737705 0.004098360655737705 0.004098360655737705 0.004098360655737705 0.004098360655737705 0.004098360655737705 0.004098360655737705 0.004098360655737705 0.004098360655737705 0.004098360655737705 0.004098360655737705</parameter>
#                    <frequencies estimate="false" id="Frequencies" spec="beast.base.evolution.substitutionmodel.Frequencies">
#                        <parameter dimension="3" id="RealParameter9" lower="0.0" name="frequencies" spec="beast.base.inference.parameter.RealParameter" upper="0.0">1.0 0.0 0.0</parameter>
#                    </frequencies>
#                </substModel>
#            </siteModel>
#            <branchRateModel clock.rate="@clockRate.c" id="StrictClockModel" spec="beast.base.evolution.branchratemodel.StrictClockModel"/>
#        </distribution>
#        <distribution id="traitLikelihood" spec="beam.likelihood.BeamBeagleAncestralTissueLikelihood" tag="location" tree="@tree">
#            <parameter id="RealParameter10" lower="0.0" name="origin" spec="beast.base.inference.parameter.RealParameter" upper="0.0">54.0001</parameter>
#            <data id="tissue" spec="beastclassic.evolution.alignment.AlignmentFromTrait">
#                <traitSet fileName="/grid/siepel/home_norepl/staklins/bayesian_phylogenetic_metastasis/results/quinn_2021_lung_cancer_data_2_21_25/beam/5k/30/5k_30_tip_tissues.csv" id="traitset" sep="," spec="feast.fileio.TraitSetFromXSV" taxa="@taxonset" traitname="discrete" value="RW.TTTATGCCACTAGTAC-1=RL,RW.TGGCTGGTCTGAGTGT-1=RL,RW.TCTATTGGTTGCGCAC-1=RL,RW.TCAGCTCAGTAATCCC-1=RL,RW.TCAGATGCAGTCGATT-1=RL,RW.TCAACGATCATCACCC-1=RL,RW.TACCTTAGTCGTTGTA-1=RL,RW.GTATCTTAGTCCAGGA-1=RL,RW.GGGCATCTCGGCTTGG-1=RL,RW.GGATGTTGTGCTGTAT-1=RL,RW.GACTAACAGCGTGAGT-1=RL,RW.GACCTGGTCCATTCTA-1=RL,RW.CTAGTGAAGTCCTCCT-1=RL,RW.CTAGCCTGTCTAAAGA-1=RL,RW.CTAGAGTTCCATTCTA-1=RL,RW.CTAACTTAGATGAGAG-1=RL,RW.CGTCACTGTGTCCTCT-1=RL,RW.CGAGAAGAGATCCTGT-1=RL,RW.CCTAGCTGTCGGCACT-1=RL,RW.CAACCTCCAACACCCG-1=RL,RW.ATCGAGTAGCCAGTTT-1=RL,RW.AGCGGTCGTGGACGAT-1=RL,RW.AGCAGCCGTTATGTGC-1=RL,RW.ACTTTCAGTGTTCTTT-1=RL,RW.ACCTTTATCAGCTCGG-1=RL,RW.ACACCGGCAAAGCGGT-1=RL,RW.ACACCCTTCCCTCAGT-1=RL,RW.AAGTCTGGTAGAGCTG-1=RL,RE.TGTTCCGTCACGCGGT-1=RL,RE.TGCCCTATCAGCTTAG-1=RL,RE.TCAGCTCAGCTGTTCA-1=RL,RE.TCACAAGGTTGGGACA-1=RL,RE.GTTTCTACATCGGAAG-1=RL,RE.GTGAAGGAGAGTACAT-1=RL,RE.GTCAAGTTCCATGCTC-1=RL,RE.GGTGCGTTCAGGCAAG-1=RL,RE.GGCTGGTGTTGTACAC-1=RL,RE.GCTTGAATCTGCTGTC-1=RL,RE.GCGCGATAGTGAAGTT-1=RL,RE.GACGCGTCACTTCGAA-1=RL,RE.CGTTCTGGTAATCACC-1=RL,RE.CGTTAGAGTAATTGGA-1=RL,RE.CGCGGTATCACTTACT-1=RL,RE.CCTCAGTAGTGGGATC-1=RL,RE.CCACGGAAGAGCTTCT-1=RL,RE.CATATGGCAGCTCGCA-1=RL,RE.CAAGATCTCCTTGGTC-1=RL,RE.ATTATCCGTTAGTGGG-1=RL,RE.AGGCCACTCAACGGCC-1=RL,RE.AGGCCACGTTCGCGAC-1=RL,RE.AGCTCTCCAATTGCTG-1=RL,RE.AGCGTCGCACTCGACG-1=RL,RE.ACTGATGTCGTAGATC-1=RL,RE.AAGGTTCTCGAATGGG-1=RL,RE.AAGGCAGAGAAGCCCA-1=RL,RE.AAGCCGCGTCAACATC-1=RL,RE.AAGACCTAGCCCAACC-1=RL,M2.TTTGCGCTCCTAAGTG-1=M,M2.TGCCCATCATAGACTC-1=M,M2.TCTTTCCCATAGAAAC-1=M,M2.TCGCGTTGTTGGGACA-1=M,M2.TAGTGGTTCGTTACAG-1=M,M2.GTTACAGAGCTCCCAG-1=M,M2.GTATCTTGTATCGCAT-1=M,M2.GGCAATTAGTGCCAGA-1=M,M2.GGAATAATCGTCGTTC-1=M,M2.GCGGGTTGTAGAAAGG-1=M,M2.GCAATCAAGCTGAAAT-1=M,M2.GATCTAGGTTATTCTC-1=M,M2.CTTTGCGGTGCTGTAT-1=M,M2.CTCTAATTCTGAGTGT-1=M,M2.CTCACACAGACAGGCT-1=M,M2.CTACACCCAATGGACG-1=M,M2.CTAATGGAGCGTAGTG-1=M,M2.CGTTAGAGTAAGTGTA-1=M,M2.CGTGAGCAGCCCGAAA-1=M,M2.CGGACACTCTGGTATG-1=M,M2.CGCTTCAGTCATCCCT-1=M,M2.CGATGTAAGCTCCCAG-1=M,M2.CGAACATGTTTGGGCC-1=M,M2.CCTAAAGTCCCTCAGT-1=M,M2.CCGTGGATCCAATGGT-1=M,M2.CCACGGAGTCTAGTGT-1=M,M2.CATTCGCAGAACAACT-1=M,M2.CACCACTGTGCCTGGT-1=M,M2.CACACTCTCCTTAATC-1=M,M2.CACAAACAGTCATCCA-1=M,M2.CAAGAAAAGCTCCTTC-1=M,M2.ATGCGATAGATGCCTT-1=M,M2.ATAGACCTCGTACCGG-1=M,M2.ACGCCAGAGCCATCGC-1=M,M2.ACGATGTAGAACAACT-1=M,M2.ACGATACCACGGCCAT-1=M,M2.ACACCCTGTACATCCA-1=M,M2.AAGGCAGAGTGAAGTT-1=M,M1.TTTATGCAGAGGTTAT-1=M,M1.TGGGCGTTCGCCTGTT-1=M,M1.TGAGGGATCACGGTTA-1=M,M1.TGACAACAGAGGTACC-1=M,M1.TCTCATATCCGCATCT-1=M,M1.TCTCATAAGCTGATAA-1=M,M1.TCGGGACAGCTAAGAT-1=M,M1.TCAGATGCAGCATACT-1=M,M1.TACACGAAGTGGTAAT-1=M,M1.TAAGTGCCAAAGCAAT-1=M,M1.GTTCTCGTCTGCAAGT-1=M,M1.GTTAAGCAGGACATTA-1=M,M1.GTATTCTAGACCTAGG-1=M,M1.GTACTCCGTGTTGGGA-1=M,M1.GGAGCAATCGGACAAG-1=M,M1.GCGGGTTAGTTGCAGG-1=M,M1.GCGCGATTCACCGTAA-1=M,M1.GCAAACTCATACGCCG-1=M,M1.GATTCAGAGCTAGTTC-1=M,M1.GATGCTAGTTTAGCTG-1=M,M1.GAACATCCAGACAAGC-1=M,M1.CTGTGCTTCTGCGGCA-1=M,M1.CTGATAGAGGTGTGGT-1=M,M1.CTCCTAGGTCAAACTC-1=M,M1.CTCACACCAGGCGATA-1=M,M1.CTACGTCCACCTCGGA-1=M,M1.CGTGTAAAGCCCAACC-1=M,M1.CGTAGGCTCGAATGCT-1=M,M1.CCACGGATCTTTAGGG-1=M,M1.CATTCGCTCTTAACCT-1=M,M1.CATCCACTCAGGTAAA-1=M,M1.CATCAAGCACAACGCC-1=M,M1.CATCAAGAGAGATGAG-1=M,M1.CAGTCCTGTGAGGGAG-1=M,M1.CAGAATCGTTCGTGAT-1=M,M1.CACCAGGGTTGTGGAG-1=M,M1.CAACCTCGTGTGAAAT-1=M,M1.ATGCGATCATGGTCTA-1=M,M1.ATCCACCCAGATGGGT-1=M,M1.AGTTGGTCATGAGCGA-1=M,M1.AGTCTTTGTAATCGTC-1=M,M1.AGCGGTCGTGAGTATA-1=M,M1.ACTGTCCGTAAGGGCT-1=M,M1.ACCTTTATCTTTACGT-1=M,M1.ACCCACTGTAGAAAGG-1=M,M1.AAGGTTCTCCAGTAGT-1=M,M1.AAGGCAGGTATAGTAG-1=M,M1.AACGTTGAGCGACGTA-1=M,M1.AAAGATGAGTATCTCG-1=M,Liv.TCTCTAATCTTCAACT-1=Liv,Liv.TCGGTAACACTCGACG-1=Liv,Liv.GTATCTTCACCAGGCT-1=Liv,Liv.GTAGGCCCAGCTTAAC-1=Liv,Liv.GATTCAGAGCTAGGCA-1=Liv,Liv.CTCGAGGAGACTCGGA-1=Liv,Liv.CAGCTAACAAGGTTCT-1=Liv,Liv.ATCTACTAGCTGCGAA-1=Liv,Liv.ATCGAGTTCACTCTTA-1=Liv,Liv.ACACCGGTCTACTCAT-1=Liv,LL.TTATGCTGTTAAAGAC-1=LL,LL.TGCGCAGTCCACTCCA-1=LL,LL.GTGCAGCAGAACTCGG-1=LL,LL.GGGAATGAGGATGCGT-1=LL,LL.GGACAGAAGACGCTTT-1=LL,LL.CCTTACGTCGAGAGCA-1=LL,LL.CAGCGACCAGCCAATT-1=LL,LL.ATCACGAAGCCAGAAC-1=LL,LL.AGCCTAATCTGCTGTC-1=LL"/>
#                <userDataType codeMap="LL=0,Liv=1,M=2,RL=3,? = 0 1 2 3 " codelength="-1" id="codeMap" spec="beast.base.evolution.datatype.UserDataType" states="4"/>
#            </data>
#            <siteModel gammaCategoryCount="1" id="geoSiteModel.s:tissue" spec="beast.base.evolution.sitemodel.SiteModel">
#                <parameter id="RealParameter11" lower="0.0" name="mutationRate" spec="beast.base.inference.parameter.RealParameter" upper="0.0">1.0</parameter>
#                <substModel id="substModelMigration" pi="@piPrimaryTissueFreq" rates="@relativeGeoRates.s:tissue" spec="beam.substitutionmodel.BeamGtrTissueSubstitutionModel">
#                    <frequencies id="traitfreqs.s:tissue" spec="beast.base.evolution.substitutionmodel.Frequencies">
#                        <parameter dimension="4" id="traitfrequencies.s:tissue" name="frequencies" spec="beast.base.inference.parameter.RealParameter">1.0 0.0 0.0 0.0</parameter>
#                    </frequencies>
#                </substModel>
#            </siteModel>
#            <branchRateModel clock.rate="@traitClockRate" id="StrictClockModel.c:tissue" spec="beast.base.evolution.branchratemodel.StrictClockModel"/>
#        </distribution>
#    </distribution>
#</input>
#
Sample	posterior	likelihood	prior	treeHeight	silencingRate	clockRate.c	relativeGeoRates.1	relativeGeoRates.2	relativeGeoRates.3	relativeGeoRates.4	relativeGeoRates.5	relativeGeoRates.6	traitClockRate	tissueSubstModelLogger.relGeoRate_LL_Liv	tissueSubstModelLogger.relGeoRate_LL_M	tissueSubstModelLogger.relGeoRate_LL_RL	tissueSubstModelLogger.relGeoRate_Liv_LL	tissueSubstModelLogger.relGeoRate_Liv_M	tissueSubstModelLogger.relGeoRate_Liv_RL	tissueSubstModelLogger.relGeoRate_M_LL	tissueSubstModelLogger.relGeoRate_M_Liv	tissueSubstModelLogger.relGeoRate_M_RL	tissueSubstModelLogger.relGeoRate_RL_LL	tissueSubstModelLogger.relGeoRate_RL_Liv	tissueSubstModelLogger.relGeoRate_RL_M	treeLikelihood	traitLikelihood	birthRate	deathRate	piPrimaryTissueFreq
0	-7229.415552566518	-6378.540705782188	-850.8748467843304	53.86161724968065	0.001	0.01	1.0	1.0	1.0	1.0	1.0	1.0	0.01	0.25000000000000006	0.25000000000000006	0.25000000000000006	0.7500000000000002	0.25000000000000006	0.25000000000000006	0.7500000000000002	0.25000000000000006	0.25000000000000006	0.7500000000000002	0.25000000000000006	0.25000000000000006	-6196.475440897359	-182.06526488482865	0.006	1.0E-4	0.5
1000000	-4409.601365319281	-3770.275495854292	-639.3258694649892	52.50731857259835	0.15267511968136466	0.03708254759289153	0.13381291068165355	1.740286363179392	0.5271556482007584	0.09634643467670109	0.566059835226096	0.5108444492311032	0.025454843046344898	0.15254321003211788	1.9838808293025325	0.6009436186199836	0.011080912797490163	0.10983240963720231	0.6452933718859704	0.14411136664480365	0.10983240963720231	0.5823492794218531	0.043653230010920675	0.6452933718859704	0.5823492794218531	-3626.8518316333193	-143.42366422097277	0.05377156658931504	7.844171066388128E-4	0.023641270642379877
2000000	-4406.3300819326305	-3769.3792839767457	-636.9507979558846	53.50570087703362	0.13275850854510943	0.040691271077309896	0.1564220988886578	0.7280737559856763	1.1411262139113665	0.1046090973663907	0.1597466469296138	0.8713088630394632	0.014958239016835143	0.1834423841889596	0.8538408997982553	1.3382438595803832	0.01644758294156787	0.1226792273283911	0.187341213211947	0.07655602101130975	0.1226792273283911	1.0218183769206568	0.11998795683891343	0.187341213211947	1.0218183769206568	-3625.6365438235207	-143.74274015322496	0.05646733561706191	9.618222021530669E-4	0.029019612045362155
3000000	-4438.313081151569	-3786.011327256335	-652.3017538952346	53.44407192083518	0.11205045739306237	0.03936013421074384	1.3556001952910828	1.4624577056465813	5.198378320371886	0.40171168889101083	0.46517324239561264	1.3177121654166986	0.023930149237739243	0.9968780154706127	0.6447851690530016	1.6978372571460854	0.11038061148792089	0.26598240976010534	0.27151210234196765	0.0713946743070801	0.26598240976010534	0.6480981178810863	0.18799523285934466	0.27151210234196765	0.6480981178810863	-3643.372069681706	-142.639257574629	0.05205264226946467	0.0028339536221262344	0.0355949983037742
4000000	-4419.630311564511	-3789.931342646468	-629.6989689180434	53.84312915755905	0.14670760549664427	0.03987686868941361	0.021221215543858845	3.2847404995753746	2.827273162456953	0.19746005759854543	0.23849579950835623	1.390087613746208	0.024129650407518695	0.0120255458109739	1.8613824110672117	1.602146816943395	0.001880184655823337	0.11189580368670364	0.13514975882437422	0.29102568007468993	0.11189580368670364	0.7877287823510176	0.25049439825378	0.13514975882437422	0.7877287823510176	-3650.225293395615	-139.70604925085274	0.0585044161210886	0.0010006520603840893	0.04953482805877075
5000000	-4395.423784187032	-3759.580524237092	-635.8432599499396	53.4139312991049	0.16032220374380937	0.039727870093266636	0.4144629633991613	3.0614396129976518	2.3886585598949455	0.1341024501636297	0.3079054455920143	1.2014367057467172	0.02073231196228772	0.22071625291183586	1.7706986845698762	1.7838445212218752	0.028594276761054954	0.09365289581112625	0.19461414645649888	0.2293979151016652	0.09365289581112625	0.7874158800777313	0.23110098719773337	0.19461414645649888	0.7874158800777313	-3625.2289465267963	-134.3515777102956	0.057031930457107215	0.004088350222874846	0.04139640255728246
6000000	-4414.003218915076	-3762.7061850548876	-651.2970338601885	53.171857039253304	0.10838437335473873	0.04059239085560886	0.13396876911306774	2.5043732279705	2.3780875558813377	0.06336500697851184	0.19938059278521558	0.8090627600680508	0.009628709163360963	0.25508201801464275	4.619040676850477	2.642468286702276	0.014771498102017295	0.04171725503194614	0.3544825390801192	0.26748318490769046	0.04171725503194614	0.6974777172485953	0.15302221452326328	0.3544825390801192	0.6974777172485953	-3623.5303574829577	-139.1758275719298	0.0474467634466515	0.0018530525620152232	0.01893739193609001
7000000	-4411.022173374318	-3771.711484948479	-639.3106884258394	53.861171264051144	0.12075782446089015	0.040514765857446615	0.14021936220052592	2.064834007119968	0.5807619368981957	0.09572073623139614	0.149464929971531	0.6687354894566259	0.02891997628892837	0.12308082949829846	1.8340085836591271	0.4090400694821536	0.021763328450318378	0.11445187020115231	0.21983871602630087	0.3242920229703895	0.11445187020115231	0.835737727466441	0.07232705058755089	0.21983871602630087	0.835737727466441	-3632.5997161405735	-139.11176880790558	0.05030860687320852	3.5830907628802784E-5	0.05565985851654931
8000000	-4411.448271849476	-3772.7073290611547	-638.7409427883222	51.599582341654646	0.1291857477206616	0.04040956484878363	0.046639685035672916	1.6724069969396524	0.6555667022199468	0.00424546848408496	0.19750470016995914	0.42858402269103285	0.018081141076612572	0.08659760658183276	3.1052191509207705	1.217214638640267	0.007302485251632868	0.007882716387539063	0.3667141900786679	0.26185269948839446	0.007882716387539063	0.7957676076901034	0.1026436214301439	0.3667141900786679	0.7957676076901034	-3628.055569045804	-144.65176001535045	0.054338751525158345	0.0021795137426116663	0.02734037294931599
9000000	-4396.928386928967	-3766.608977929353	-630.3194089996139	50.162877293502454	0.13382040505728884	0.04313772645790925	0.2871798628978969	1.6892658626678838	2.5746175389263635	0.04075724735330734	0.7820641884189384	0.4678612982932087	0.027946276259824612	0.18583227574307554	1.0931132720342334	1.6660187507535242	0.050529434517271446	0.026373757380688593	0.5060687975978454	0.2972271381725909	0.026373757380688593	0.3027500915858039	0.4530051899441553	0.5060687975978454	0.3027500915858039	-3624.7383774650925	-141.8706004642604	0.05279527327871863	4.365092135365051E-4	0.08310403299378946
10000000	-4392.697790921473	-3755.9532900630193	-636.7445008584539	53.22623129366248	0.12052447506150814	0.04176455834953599	0.8341820055323782	3.953184512269215	1.3937468145813507	0.2500468766602332	0.20845513491175083	0.9632464569249518	0.023655989014151436	0.5497731496545882	2.6053723121118395	0.9185580256965844	0.08660911630180548	0.1647950423661506	0.13738373079501429	0.4104401856128642	0.1647950423661506	0.6348339271347404	0.14470604635292844	0.13738373079501429	0.6348339271347404	-3612.1739330595237	-143.7793570034957	0.05066957900920267	8.419944844183422E-4	0.049892096964575056
11000000	-4401.880363653882	-3756.912244712306	-644.9681189415761	53.60692428838673	0.11631961251408228	0.04239238487428293	0.26690328697416676	1.4981295477244507	0.7359755801858131	0.06875344859593499	0.029125095998244015	0.9246949310534596	0.012359565946396157	0.38892832413850836	2.183056720448885	1.0724549414643954	0.0012267317974812557	0.10018671498694666	0.04244074662919608	0.0068856520044193945	0.10018671498694666	1.3474545553603643	0.0033826658960218713	0.04244074662919608	1.3474545553603643	-3614.58881321711	-142.32343149519582	0.049896736679701514	4.388133269051465E-5	0.0010502735486780197
12000000	-4372.20033331256	-3760.298947241529	-611.9013860710312	48.24724905248366	0.1384611029784701	0.04450018242058641	0.31184425565575524	0.7316541043008666	1.6187965380171392	0.1885931700814326	0.12604810309670786	0.901671409374368	0.028844098700242706	0.24787948467373747	0.5815789101266283	1.2867527439026378	0.08177337168494796	0.14990937612260383	0.10019340832176539	0.19185802505805516	0.14990937612260383	0.7167226596198357	0.4244889831535349	0.10019340832176539	0.7167226596198357	-3615.187916361766	-145.11103087976284	0.0604442827185217	0.0015802307793554478	0.09906978448605192
13000000	-4395.537015004042	-3766.9910723828034	-628.5459426212379	52.61400797014018	0.1313662507126744	0.0382388433576718	0.24664831332821124	2.188241261079455	2.9517674793492197	0.13065725135089548	0.42866343842666493	1.2805006030605999	0.0267127212610532	0.1315209168691902	1.1668415368614031	1.5739785933669466	0.02877007517478952	0.06967070344572479	0.22857731192004135	0.25524547373676015	0.06967070344572479	0.6828046423410036	0.3443063166881292	0.22857731192004135	0.6828046423410036	-3625.768554664984	-141.2225177178193	0.052138943847089864	3.1131062659896605E-4	0.06796088898048393
14000000	-4391.550638674454	-3753.5933888160725	-637.9572498583815	53.470879979402284	0.12617207761988183	0.04274327711256485	0.6179077538941834	3.0578330354450274	2.778782901525443	0.254536720066972	0.7728502317011879	4.04329144538664	0.031811752137319654	0.1352885356783386	0.6695008293827808	0.6084038715263659	0.057747593867209235	0.05572983979761639	0.16921259765162924	0.2857748573824415	0.05572983979761639	0.8852631732159607	0.2596957643452985	0.16921259765162924	0.8852631732159607	-3606.2276431308865	-147.36574568518614	0.05954962699826283	4.2977766203331755E-4	0.12455985669697976
15000000	-4398.4499514269255	-3755.355296415202	-643.0946550117235	53.483757345101104	0.11220195067394247	0.0386930518281569	0.12471316203251867	0.604844674983298	1.913485150831448	0.024542950530963604	0.3271542983736924	0.4787999754801804	0.0349186437675725	0.12349004409066787	0.5989126918473713	1.8947187433303956	0.03952666948357086	0.024302246802093745	0.32394574936753273	0.1916998588387073	0.024302246802093745	0.4741041692715716	0.6064612097551826	0.32394574936753273	0.4741041692715716	-3610.15948733017	-145.19580908503173	0.05776219801396329	0.00846447521917397	0.096407262969664
16000000	-4416.029927907375	-3773.4663180762327	-642.5636098311426	53.90845796478443	0.11679446765896105	0.03530421572837059	0.05696443485125119	0.290651323518304	2.5806904264981245	0.1029672695943676	0.183679457046296	0.9975174689746668	0.03687043147355868	0.0480455107474925	0.24514403283972666	2.1766316113911777	0.01016846166519481	0.0868456796043766	0.15492075626934032	0.05188284319596113	0.0868456796043766	0.8413361143945624	0.46066728723114936	0.15492075626934032	0.8413361143945624	-3625.819877208514	-147.64644086771875	0.04727542062475617	0.005221590279417474	0.06589846127260836
17000000	-4379.27590873254	-3735.0021080325846	-644.2738006999557	53.73596863415295	0.12130203923851567	0.03968629568825617	0.6517642661702353	2.6178267375939055	1.5340747136505315	0.019954750986139986	0.8877325691052631	1.6444029293911397	0.01952337672038442	0.6089872248964299	1.556826593926091	1.5158232773733062	0.05075542071673591	0.006962787327822929	0.31110039905855774	0.12975212866108998	0.006962787327822929	0.916766506612751	0.1263347489569886	0.31110039905855774	0.916766506612751	-3594.8803604927425	-140.12174753984195	0.052666981984321744	6.772856639042381E-4	0.027030387506676492
18000000	-4410.9496510406625	-3765.9149439137723	-645.0347071268902	53.40299903570964	0.11696720504486867	0.037555241063459865	0.3654576163874002	3.0274679625270755	3.9696670896826194	0.26174032968730254	1.3963224403099956	2.9320103423915898	0.020572164298540238	0.09821252056529758	0.8135971072915943	1.0668022588686723	0.017699551047197584	0.07033969565688941	0.37524555580574287	0.14662390751681886	0.07033969565688941	0.7879439725359275	0.19225574223561365	0.37524555580574287	0.7879439725359275	-3622.678875952145	-143.2360679616271	0.052246622964370396	5.795669093675438E-4	0.05666810098790971
19000000	-4397.36669278512	-3753.8386428315066	-643.5280499536133	53.71031743103671	0.11468603180220086	0.04372318556400482	1.0426136113051157	7.87067612070432	1.511691168384523	0.08565759235891987	1.133707717354469	1.85767106731842	0.01653299107329045	0.44208208005081373	3.337271672956302	0.6409772219233982	0.02202279692528517	0.036319961864658794	0.48070719624535224	0.1662497976158083	0.036319961864658794	0.7876773145732602	0.03193097352086725	0.48070719624535224	0.7876773145732602	-3610.7335769582055	-143.10506587330104	0.060041134694249196	0.0027070610717878766	0.016334126438902696
20000000	-4368.495684904519	-3739.7835710116824	-628.7121138928364	51.524611218220315	0.12101822216132366	0.04125756989879858	2.1107880108099613	6.422746725822195	0.49702437820908213	0.030352776146888368	0.4079121094300155	2.336368495028237	0.01979175526475952	0.8793801805558327	2.675795080554117	0.20706645348171998	0.09274420054794168	0.012645338912162586	0.16994118907461095	0.28220385342236015	0.012645338912162586	0.9733597777137772	0.021838350594075483	0.16994118907461095	0.9733597777137772	-3593.482780921326	-146.30079009035634	0.05712959381433899	7.333118619216182E-4	0.03396122843057178
21000000	-4410.91116834539	-3761.626481380616	-649.2846869647744	51.75156243904701	0.11682127026259718	0.04154761990278028	2.7870777715707438	2.3077010795076025	3.912200401965644	4.6463719340559206E-4	0.2122222065434879	1.0136615550159345	0.026728210305692286	1.247908958016754	1.0332689237873223	1.7516805512098184	0.33588737963865317	2.0804045075205173E-4	0.09502210355846832	0.27811483285170496	2.0804045075205173E-4	0.45386510121986	0.4714826242171733	0.09502210355846832	0.45386510121986	-3617.9747687582653	-143.65171262235052	0.05536998644430719	0.003318337578837772	0.0823331223864936
22000000	-4391.867173290642	-3753.9854357991803	-637.8817374914616	52.09055375065743	0.12762632229456253	0.0395453205387672	0.6921904071726039	1.4046093178234733	2.947188935326436	0.06950447373440792	0.2801170911205823	1.1912327714992226	0.020866945565934568	0.4719329421600633	0.9576576055908498	2.0093828676873904	0.07217171311684974	0.0473879014254912	0.19098283014617184	0.14645256518548003	0.0473879014254912	0.8121782400126926	0.30729069940504644	0.19098283014617184	0.8121782400126926	-3610.2972545540297	-143.68818124515047	0.05388371434616509	0.0048290991996671265	0.04850345567755307
23000000	-4383.735013008768	-3744.9457050587757	-638.789307949992	49.344942703017324	0.12449115677149719	0.041337535537247214	1.1238656068309067	3.4746215913053504	2.367865765825521	0.19435361395571174	1.4258503367550117	1.1980262575957377	0.025786450513627688	0.37431072746692545	1.0562027964041707	1.1550434794986935	0.015315440463793266	0.10347959292031528	0.7460717237634582	0.04321599638751839	0.10347959292031528	0.5651152376650344	0.04726019946868332	0.7460717237634582	0.5651152376650344	-3600.8594265658157	-144.0862784929601	0.05566514636379917	0.0014089891109992426	0.013455279990174438
24000000	-4396.188018770483	-3760.86442468622	-635.323594084263	53.03113656481484	0.13099559328406382	0.038244458175412895	0.1871911698239326	1.8738657255695583	1.6791611359280807	0.049804176939315326	0.16926043038433128	0.6884834690201649	0.01780503766759498	0.21500893114743194	2.1523337193067045	1.9286948278585183	0.025917761626460815	0.05720538453000625	0.194413573336388	0.2594481632920357	0.05720538453000625	0.7907963550093479	0.2324901227677304	0.194413573336388	0.7907963550093479	-3619.479593704128	-141.38483098209193	0.059141246149817306	0.002603786358161769	0.038628768101121
25000000	-4386.660294067226	-3755.483331510873	-631.1769625563528	53.259682578310475	0.1075526138583731	0.0465204775051247	0.04062463324771942	0.8134658974233953	6.102658817104709	0.10296233986354074	1.914083434519608	1.7608262766032643	0.03307600062221112	0.013645306808778825	0.2732330328039075	2.0498068598162114	0.0017166165549239748	0.03458376371352578	0.6429167141610413	0.03437345557972464	0.03458376371352578	0.5914395493665167	0.2578712548766899	0.6429167141610413	0.5914395493665167	-3607.6274696856535	-147.85586182521953	0.0711337085320327	0.0025090028161771126	0.04024652872766225
26000000	-4384.637525657935	-3749.015737666711	-635.6217879912235	53.69184892361396	0.11381024539397364	0.039478766134401926	0.3251840552866765	1.0305664067672913	1.899054203114189	0.007658566855251445	0.1939243914826297	0.8844340046709	0.031832758060866426	0.28596914198857465	0.906287335784897	1.6700416032870962	0.06596907270699101	0.0067349974786667394	0.17053847180192983	0.20906778518854222	0.0067349974786667394	0.7777774750926388	0.385255189370565	0.17053847180192983	0.7777774750926388	-3607.5087145370444	-141.5070231296666	0.05314341714210908	0.008635394961753293	0.07140464423736867
27000000	-4417.08767238351	-3770.8587235849595	-646.2289487985504	53.70574182524681	0.14137655480191588	0.035529781342122334	5.615150109815821	2.084223615481835	1.4608151778941254	0.0050808192059578075	0.8848871328067118	1.8901858485039227	0.02252237036066186	2.065396437060849	0.6274888534749122	0.32837448112151835	0.40647928233017083	0.0018002026643371219	0.21704656835371766	0.12349262071625701	0.0018002026643371219	0.784957997809002	0.06462557067821871	0.21704656835371766	0.784957997809002	-3621.541766449502	-149.3169571354575	0.0504780239979916	0.0018659170202073828	0.061562878186790494
28000000	-4393.605321561491	-3762.5883410477754	-631.0169805137155	53.109557214459116	0.1192567900804798	0.040820941574955735	0.0761184129131465	0.6758989661370102	0.33315278665329107	0.0643156562555162	0.09529193020064373	0.2613911394833332	0.018259234262831416	0.23903499639437864	2.1225285808030905	1.0462012029508927	0.014627346329291066	0.20197074627240688	0.2992456794641106	0.12988458223080337	0.20197074627240688	0.8208477777277697	0.06402053070268969	0.2992456794641106	0.8208477777277697	-3619.9404155511907	-142.64792549658455	0.04921773818085889	0.003282581897809833	0.01999002315381845
29000000	-4384.992655606791	-3757.352577350161	-627.6400782566302	53.72971064636799	0.11104078246965082	0.04309835672193381	0.8203820641669965	0.1175935212839025	2.1076209070188767	8.642282601554315E-4	0.10706509097562888	0.50821119169497	0.04054870447559617	1.2060082099878306	0.17286915244029102	3.098322389565741	0.1801912191076146	0.0012704646073768697	0.15739176215512501	0.0258285997278828	0.0012704646073768697	0.7470993045346126	0.4629242852085575	0.15739176215512501	0.7470993045346126	-3615.7611640788114	-141.59141327134967	0.05518982257179063	0.00796766344494812	0.047441016063287246
30000000	-4384.579246169429	-3744.1836934426115	-640.3955527268172	52.47554348744371	0.11884954486716667	0.03879387415677451	2.0796376937002923	1.354345209863936	3.6992180142278963	0.05828452586059625	0.2017223861927635	1.8345113634611094	0.022844861041899665	0.7603438896959747	0.495167070677005	1.352484532422025	0.2648280424711806	0.021309617168498024	0.07375245419968021	0.17246686374505388	0.021309617168498024	0.6707223618858423	0.47107083524678844	0.07375245419968021	0.6707223618858423	-3602.189409812393	-141.9942836302184	0.05452204621499543	0.002491510911718868	0.10402303051844036
31000000	-4380.181786749667	-3738.1221892624653	-642.0595974872009	52.31683001481226	0.10705015197254027	0.03956020734289808	0.5751554219639162	3.282158685504228	5.035630942083866	0.055850661475120515	0.29719798455617924	0.6448263090363592	0.027213361623380183	0.45066994946931416	2.571774919369986	3.945729198667674	0.05003382304574833	0.04376245763079922	0.23287305581676015	0.2855209924264387	0.04376245763079922	0.5052614111114684	0.43805875396185673	0.23287305581676015	0.5052614111114684	-3595.2784176165133	-142.8437716459523	0.05035207806687785	7.834515740882937E-4	0.03568635133445693
32000000	-4365.007968633148	-3732.081070829047	-632.926897804101	53.42102116938435	0.11409228321907108	0.04506742273428797	0.12995664678910213	1.2399781320469925	2.279191108930145	0.07212656180766694	0.28116039024202094	0.8375311378389917	0.019630089413976336	0.12997420178062466	1.2401456325645424	2.27949898991649	0.012752261968010607	0.07213630491209727	0.2811983703560753	0.12167539225699459	0.07213630491209727	0.8376442744302157	0.22365029272727527	0.2811983703560753	0.8376442744302157	-3590.407278758554	-141.67379207049282	0.060446284906515164	0.002075344572026361	0.03166887979178723
33000000	-4370.188497295299	-3741.02582538079	-629.1626719145092	53.52502294249163	0.13326581857224495	0.03824888808309941	0.507578809631701	2.27128430368658	1.7540402556676469	0.07288238487422559	0.3218760332939338	0.8468086838095841	0.01516324891396051	0.49292652120666475	2.205719090794771	1.7034063378454765	0.03717405290029409	0.07077848750101469	0.3125844309113376	0.1663443021156005	0.07077848750101469	0.8223638393035528	0.12846238656169873	0.3125844309113376	0.8223638393035528	-3600.059714074563	-140.96611130622725	0.06395809998496185	0.013008697384541261	0.024521893345010915
34000000	-4392.905110199965	-3759.4718133453625	-633.433296854602	52.7975415338962	0.12774205738810007	0.04267738005947642	0.15966663606159082	1.2279636773658902	1.4354554133613886	0.01565352606041601	0.19042894283065392	0.6385600306588263	0.022610885639967975	0.2663212640257456	2.41484338422224	2.282779769320125	0.0336833151582666	0.03836824503888893	0.2649795431803356	0.3054203391012351	0.03836824503888893	0.632069255117593	0.28871742813405876	0.2649795431803356	0.632069255117593	-3619.3815798370865	-140.09023350827582	0.052409891985060936	0.007821374412333215	0.040453290314187935
35000000	-4400.135887146542	-3767.139061788847	-632.9968253576945	53.97830907818788	0.14393079498846487	0.03808391310292293	0.8950100473572808	1.9887305302288587	0.8624331953904458	0.1795557229539501	0.2951059457095033	1.1382346114467121	0.026481327052512427	0.6561208052456772	1.4579137751171376	0.6322391176512624	0.09277039015867028	0.13163008156039901	0.21633852190087516	0.206137693933777	0.13163008156039901	0.8344257274273849	0.08939370486219997	0.21633852190087516	0.8344257274273849	-3621.023196145903	-146.11586564294402	0.06394609234362963	0.002503900555712746	0.04500941904049471
36000000	-4375.098356158399	-3746.415807914503	-628.682548243896	53.95897388299225	0.12695726906928162	0.04304484877751554	0.056144481606029716	1.6586794469989055	0.978262391784912	0.06976465175874043	0.19342278791599568	0.8784864219667698	0.018106420244514712	0.06340619200727432	1.8732125488827607	1.1047905559492774	0.0052558631810209	0.07878799087994882	0.21844003325639025	0.1552742493157403	0.07878799087994882	0.9921095921389055	0.0915782484632928	0.21844003325639025	0.9921095921389055	-3605.90937862229	-140.50642929221297	0.056215480869909504	0.007801347942460897	0.026887726100939924
37000000	-4404.400931137053	-3763.7220118238956	-640.6789193131573	53.16411825988648	0.12081665464838756	0.04067788357671145	0.5463883701590956	2.3593371678097164	1.8591113319646921	0.08546098872964476	0.3761725652093536	1.0060898487042134	0.02627097812344152	0.42211422784938823	1.822714100844378	1.4362628987689117	0.048580252327034223	0.06602318284767898	0.29061341817219616	0.20977239120842275	0.06602318284767898	0.7772581973317415	0.16529652266316627	0.29061341817219616	0.7772581973317415	-3619.5309118550176	-144.19109996887786	0.048322996936927466	2.621492583529108E-4	0.03694532280304299
38000000	-4381.559104139011	-3740.8089658109293	-640.7501383280817	53.46675570345358	0.11005382532248625	0.043773722986849804	0.2195751360784433	1.7868353870278613	4.041831964109158	0.0016732778145514473	0.32823585478705153	0.24537309604758611	0.03437696405859639	0.17785723615546256	1.4473478604062755	3.2739092184118848	0.041805584732800743	0.0013553655151102978	0.2658730992141787	0.34020107882011547	0.0013553655151102978	0.19875374538919388	0.769536804890982	0.2658730992141787	0.19875374538919388	-3596.649655460107	-144.15931035082212	0.05439658718676562	0.0026054994737022847	0.072657689531603
39000000	-4432.003856822947	-3791.360891976457	-640.6429648464897	53.88559467775729	0.13649673839266627	0.038129999272163095	0.3885413317629377	0.7776645687412339	1.005181039123817	0.017220424671993608	0.15793657110621215	0.6140582837154593	0.02439476272820349	0.5232424339052818	1.0472685103121344	1.353661323597584	0.09436177890601834	0.023190472111095983	0.21269066920965307	0.18886488025777692	0.023190472111095983	0.826942527512141	0.24411989979021076	0.21269066920965307	0.826942527512141	-3649.702284135433	-141.65860784102418	0.053104983493866026	0.004826681792536052	0.056704764188919315
40000000	-4386.978972005689	-3753.718774352568	-633.2601976531214	51.265461780658065	0.12215539032277367	0.04114875661951427	0.2738606192844967	2.8254166381817996	2.102268689396994	0.4815733565584983	0.694036718976182	1.4976541878606842	0.018147584867215825	0.13046018191208641	1.3459560909402355	1.0014669373178526	0.014941501589536273	0.22940920773778573	0.33062130965693776	0.1541512879828847	0.22940920773778573	0.7134440807888863	0.11469721731559566	0.33062130965693776	0.7134440807888863	-3605.643053929766	-148.07572042280168	0.05837769434196825	0.004007289174349353	0.03677255932301388
41000000	-4369.282259947421	-3735.955543338467	-633.3267166089537	50.36969858308871	0.1270928180418974	0.04291395867155985	0.06704463620641296	0.235222445402097	0.8360113505924046	0.05396961271085956	0.08739922555033289	0.40485861811399815	0.028744243039398983	0.13411011734886366	0.47051802412412064	1.6722826265735646	0.030746138053527543	0.10795600518500213	0.17482562450885217	0.10787114657994737	0.10795600518500213	0.809843111353531	0.38338817024070054	0.17482562450885217	0.809843111353531	-3593.9557579761836	-141.99978536228343	0.05548805781360393	0.004827177139513465	0.07099470591539074
42000000	-4388.172237912817	-3755.860918681472	-632.3113192313452	51.49823032437751	0.11774862844816793	0.039476957228328245	0.7461409413221353	0.9897945796426388	1.2207494602157092	0.04649071931630775	0.031043544425033535	0.5810468739774616	0.015265865226070263	1.1391140709217875	1.5110937767269217	1.8636866176219273	0.1403528779404859	0.0709761783700562	0.04739337611360779	0.18618535738914904	0.0709761783700562	0.8870692296284126	0.22962913639609253	0.04739337611360779	0.8870692296284126	-3614.5788381142584	-141.28208056721374	0.05371075108608742	0.001806527685702229	0.03945050780409622
43000000	-4389.405515119545	-3752.9226237250587	-636.4828913944867	52.651040094595906	0.1355205642801705	0.03891551894242468	0.3495450164301799	2.3168702063560547	2.06266285179015	0.08051040596181654	0.48625327626022125	0.9284626460315586	0.01785458061712406	0.25670850256869376	1.7015269947025098	1.5148351917438563	0.03470140510122826	0.059127450783678516	0.3571080820796542	0.23000943460393194	0.059127450783678516	0.6818699862692416	0.20477276414416282	0.3571080820796542	0.6818699862692416	-3610.2608252199884	-142.6617985050701	0.0522589181806186	0.00261771345114653	0.04311660625287318
44000000	-4374.118142001169	-3746.081488976806	-628.0366530243631	53.79251656698061	0.1298588575381392	0.04116132768648295	0.1231690965445234	0.20645311129723184	0.6107159707048487	0.013925919521528008	0.005645609073767751	0.20570921825912233	0.02885012179797695	0.5404930988267261	0.9059616820938792	2.6799560666576374	0.07622362355835546	0.06110999923979671	0.024774174924161955	0.1277642256008833	0.06110999923979671	0.9026973157500203	0.3779437014483149	0.024774174924161955	0.9026973157500203	-3602.2160118088636	-143.86547716794246	0.06421347448169	0.007392164093559124	0.044898092981206256
45000000	-4392.503221785972	-3758.094694911984	-634.4085268739876	53.856459945935505	0.12619712137038355	0.04195048978353349	0.028445165867351695	1.9548296016460691	0.7431666255844179	0.0015376228578844026	0.5853745602565432	1.0872432952468427	0.03378881988861232	0.022608627105254103	1.5537266938089802	0.5906795268222634	0.0022968795872071557	0.0012221247710256416	0.46526412296060365	0.15784784765985901	0.0012221247710256416	0.8641566145035844	0.06000894001316627	0.46526412296060365	0.8641566145035844	-3615.4773104975543	-142.61738441442972	0.05435403199055277	0.0011630843343224922	0.032755121983650964
46000000	-4385.200098553156	-3753.1959295320976	-632.0041690210587	52.0720334890623	0.1235869709322199	0.03960657217407604	0.7655462779389477	1.0959330854051643	1.1706929329360207	0.043611386290249514	0.06624380417605695	0.6105304054336906	0.023901693513625064	1.0901716185075354	1.3384381148865532	1.8701546949325485	0.1439006772784127	0.07346470425144801	0.10637779507189583	0.17667140471983003	0.07346470425144801	0.8187274828912804	0.2468570293405935	0.10637779507189583	0.8187274828912804	-3606.621872410215	-146.57405712188233	0.055868535569946726	0.0019268014934941309	0.042145039435303774
47000000	-4385.475772100732	-3746.8819684786745	-638.5938036220571	53.565225897428355	0.1209492457395959	0.040696324507520705	0.31352480649008513	1.043277622533226	1.9370450371707364	0.08193700831831945	0.49453954102424785	0.9853788126211108	0.028822594926489836	0.2270670331584512	0.7555828106912927	1.4028844307685437	0.04441819286924031	0.0593420137723887	0.35816504479197975	0.14780491270412058	0.0593420137723887	0.7136502084920313	0.27442817370872197	0.35816504479197975	0.7136502084920313	-3600.6620242362596	-146.21994424241487	0.05742540455934946	0.0027958984076849073	0.061214183991329545
48000000	-4384.750981965126	-3739.71374240325	-645.0372395618758	53.181032839246626	0.13534604192167274	0.04147480237148957	0.6711720382890434	6.467287726451038	4.677131172704703	0.26649795987300473	0.43268624880346007	2.9779887454615963	0.022918060618082704	0.15842023828177482	1.5265076675020006	1.1039676753278291	0.04374630682243972	0.06290290401893442	0.10212919300307872	0.42153119774111464	0.06290290401893442	0.7029102223315481	0.30485062496274945	0.10212919300307872	0.7029102223315481	-3593.963138185984	-145.75060421726573	0.06004362437048759	0.0010589754387183932	0.08428846816342954
49000000	-4391.62818822149	-3752.4388282246214	-639.1893599968689	53.55353496984924	0.14511206290808307	0.040149176780455965	0.23977922597304097	1.4815670164644208	0.7531206073756521	0.06679865991014276	0.15583171679802735	0.16087316922748113	0.027005186711084542	0.535791187002893	3.310589343820206	1.6828621518175584	0.06850787511294124	0.14926286102650912	0.34820889998744553	0.4233019258591205	0.14926286102650912	0.35947412019338343	0.2151758239509646	0.34820889998744553	0.35947412019338343	-3607.015852804904	-145.4229754197174	0.05054435491084077	6.528128381973941E-4	0.04087871232196737
